2025-01-26 22:32:28,412 - INFO - Starting main comparison process.
2025-01-26 22:32:28,413 - INFO - Loading sheets from the provided Excel files.
2025-01-26 22:32:28,882 - INFO - Sheets loaded successfully.
2025-01-26 22:32:28,882 - INFO - Calculating totals for trips, hours, operators, and amounts.
2025-01-26 22:32:28,884 - INFO - Calculating totals for trips, hours, operators, and amounts.
2025-01-26 22:32:28,886 - INFO - Comparing operators between previous and latest sheets.
2025-01-26 22:32:28,889 - INFO - Operator comparison completed.
2025-01-26 22:32:28,891 - INFO - Comparing trips and hours data between previous and latest sheets.
2025-01-26 22:32:28,899 - INFO - Trips and hours comparison completed.
2025-01-26 22:32:28,988 - INFO - Applying formatting to sheet: Summary.
2025-01-26 22:32:28,991 - INFO - Formatting applied successfully to sheet: Summary.
2025-01-26 22:32:28,991 - INFO - Applying formatting to sheet: OperatorChanges.
2025-01-26 22:32:28,993 - INFO - Formatting applied successfully to sheet: OperatorChanges.
2025-01-26 22:32:28,993 - INFO - Applying formatting to sheet: TripsComparison.
2025-01-26 22:32:29,000 - INFO - Formatting applied successfully to sheet: TripsComparison.
2025-01-26 22:32:29,001 - INFO - Applying formatting to sheet: HoursComparison.
2025-01-26 22:32:29,009 - INFO - Formatting applied successfully to sheet: HoursComparison.
2025-01-26 22:32:29,064 - INFO - Calculating client totals for CCCTA.
2025-01-26 22:32:29,065 - INFO - Calculating client totals for CCCTA.
2025-01-26 22:32:29,066 - INFO - Comparing operators between previous and latest sheets.
2025-01-26 22:32:29,068 - INFO - Operator comparison completed.
2025-01-26 22:32:29,069 - INFO - Comparing trips and hours data between previous and latest sheets.
2025-01-26 22:32:29,076 - INFO - Trips and hours comparison completed.
2025-01-26 22:32:29,157 - INFO - Applying formatting to sheet: Summary.
2025-01-26 22:32:29,160 - INFO - Formatting applied successfully to sheet: Summary.
2025-01-26 22:32:29,160 - INFO - Applying formatting to sheet: OperatorChanges.
2025-01-26 22:32:29,162 - INFO - Formatting applied successfully to sheet: OperatorChanges.
2025-01-26 22:32:29,162 - INFO - Applying formatting to sheet: TripsComparison.
2025-01-26 22:32:29,167 - INFO - Formatting applied successfully to sheet: TripsComparison.
2025-01-26 22:32:29,168 - INFO - Applying formatting to sheet: HoursComparison.
2025-01-26 22:32:29,175 - INFO - Formatting applied successfully to sheet: HoursComparison.
2025-01-26 22:32:29,230 - INFO - Calculating client totals for LAVTA.
2025-01-26 22:32:29,231 - INFO - Calculating client totals for LAVTA.
2025-01-26 22:32:29,232 - INFO - Comparing operators between previous and latest sheets.
2025-01-26 22:32:29,234 - INFO - Operator comparison completed.
2025-01-26 22:32:29,235 - INFO - Comparing trips and hours data between previous and latest sheets.
2025-01-26 22:32:29,242 - INFO - Trips and hours comparison completed.
2025-01-26 22:32:29,318 - INFO - Applying formatting to sheet: Summary.
2025-01-26 22:32:29,322 - INFO - Formatting applied successfully to sheet: Summary.
2025-01-26 22:32:29,322 - INFO - Applying formatting to sheet: OperatorChanges.
2025-01-26 22:32:29,325 - INFO - Formatting applied successfully to sheet: OperatorChanges.
2025-01-26 22:32:29,325 - INFO - Applying formatting to sheet: TripsComparison.
2025-01-26 22:32:29,329 - INFO - Formatting applied successfully to sheet: TripsComparison.
2025-01-26 22:32:29,329 - INFO - Applying formatting to sheet: HoursComparison.
2025-01-26 22:32:29,334 - INFO - Formatting applied successfully to sheet: HoursComparison.
2025-01-26 22:32:29,386 - INFO - Main comparison process completed successfully. File saved to ComparedResults\Full_Comparison.xlsx.
2025-01-26 22:35:10,532 - INFO - Starting main comparison process.
2025-01-26 22:35:10,533 - INFO - Loading sheets from the provided Excel files.
2025-01-26 22:35:10,991 - INFO - Sheets loaded successfully.
2025-01-26 22:35:10,991 - INFO - Calculating totals for trips, hours, operators, and amounts.
2025-01-26 22:35:10,993 - INFO - Calculating totals for trips, hours, operators, and amounts.
2025-01-26 22:35:10,994 - INFO - Comparing operators between previous and latest sheets.
2025-01-26 22:35:10,997 - INFO - Operator comparison completed.
2025-01-26 22:35:10,999 - INFO - Comparing trips and hours data between previous and latest sheets.
2025-01-26 22:35:11,005 - INFO - Trips and hours comparison completed.
2025-01-26 22:35:11,006 - ERROR - Error in main comparison process: [Errno 13] Permission denied: 'ComparedResults\\Full_Comparison.xlsx'
2025-01-26 22:37:58,749 - INFO - Starting main comparison process.
2025-01-26 22:37:58,750 - INFO - Loading sheets from the provided Excel files.
2025-01-26 22:37:59,216 - INFO - Sheets loaded successfully.
2025-01-26 22:37:59,217 - INFO - Calculating totals for trips, hours, operators, and amounts.
2025-01-26 22:37:59,218 - INFO - Calculating totals for trips, hours, operators, and amounts.
2025-01-26 22:37:59,220 - INFO - Comparing operators between previous and latest sheets.
2025-01-26 22:37:59,224 - INFO - Operator comparison completed.
2025-01-26 22:37:59,227 - INFO - Comparing trips and hours data between previous and latest sheets.
2025-01-26 22:37:59,235 - INFO - Trips and hours comparison completed.
2025-01-26 22:37:59,236 - ERROR - Error in main comparison process: [Errno 13] Permission denied: 'ComparedResults\\Full_Comparison.xlsx'
2025-01-26 22:39:24,893 - INFO - Starting main comparison process.
2025-01-26 22:39:24,894 - INFO - Loading sheets from the provided Excel files.
2025-01-26 22:39:25,374 - INFO - Sheets loaded successfully.
2025-01-26 22:39:25,375 - INFO - Calculating totals for trips, hours, operators, and amounts.
2025-01-26 22:39:25,376 - INFO - Calculating totals for trips, hours, operators, and amounts.
2025-01-26 22:39:25,377 - INFO - Comparing operators between previous and latest sheets.
2025-01-26 22:39:25,381 - INFO - Operator comparison completed.
2025-01-26 22:39:25,384 - INFO - Comparing trips and hours data between previous and latest sheets.
2025-01-26 22:39:25,391 - INFO - Trips and hours comparison completed.
2025-01-26 22:39:25,463 - INFO - Applying formatting to sheet: Summary.
2025-01-26 22:39:25,467 - INFO - Formatting applied successfully to sheet: Summary.
2025-01-26 22:39:25,467 - INFO - Applying formatting to sheet: OperatorChanges.
2025-01-26 22:39:25,469 - INFO - Formatting applied successfully to sheet: OperatorChanges.
2025-01-26 22:39:25,469 - INFO - Applying formatting to sheet: TripsComparison.
2025-01-26 22:39:25,477 - INFO - Formatting applied successfully to sheet: TripsComparison.
2025-01-26 22:39:25,477 - INFO - Applying formatting to sheet: HoursComparison.
2025-01-26 22:39:25,486 - INFO - Formatting applied successfully to sheet: HoursComparison.
2025-01-26 22:39:25,520 - INFO - Calculating client totals for CCCTA.
2025-01-26 22:39:25,521 - INFO - Calculating client totals for CCCTA.
2025-01-26 22:39:25,522 - INFO - Comparing operators between previous and latest sheets.
2025-01-26 22:39:25,525 - INFO - Operator comparison completed.
2025-01-26 22:39:25,527 - INFO - Comparing trips and hours data between previous and latest sheets.
2025-01-26 22:39:25,535 - INFO - Trips and hours comparison completed.
2025-01-26 22:39:25,591 - INFO - Applying formatting to sheet: Summary.
2025-01-26 22:39:25,594 - INFO - Formatting applied successfully to sheet: Summary.
2025-01-26 22:39:25,594 - INFO - Applying formatting to sheet: OperatorChanges.
2025-01-26 22:39:25,596 - INFO - Formatting applied successfully to sheet: OperatorChanges.
2025-01-26 22:39:25,596 - INFO - Applying formatting to sheet: TripsComparison.
2025-01-26 22:39:25,603 - INFO - Formatting applied successfully to sheet: TripsComparison.
2025-01-26 22:39:25,604 - INFO - Applying formatting to sheet: HoursComparison.
2025-01-26 22:39:25,609 - INFO - Formatting applied successfully to sheet: HoursComparison.
2025-01-26 22:39:25,641 - INFO - Calculating client totals for LAVTA.
2025-01-26 22:39:25,642 - INFO - Calculating client totals for LAVTA.
2025-01-26 22:39:25,643 - INFO - Comparing operators between previous and latest sheets.
2025-01-26 22:39:25,645 - INFO - Operator comparison completed.
2025-01-26 22:39:25,647 - INFO - Comparing trips and hours data between previous and latest sheets.
2025-01-26 22:39:25,654 - INFO - Trips and hours comparison completed.
2025-01-26 22:39:25,715 - INFO - Applying formatting to sheet: Summary.
2025-01-26 22:39:25,718 - INFO - Formatting applied successfully to sheet: Summary.
2025-01-26 22:39:25,718 - INFO - Applying formatting to sheet: OperatorChanges.
2025-01-26 22:39:25,720 - INFO - Formatting applied successfully to sheet: OperatorChanges.
2025-01-26 22:39:25,721 - INFO - Applying formatting to sheet: TripsComparison.
2025-01-26 22:39:25,724 - INFO - Formatting applied successfully to sheet: TripsComparison.
2025-01-26 22:39:25,725 - INFO - Applying formatting to sheet: HoursComparison.
2025-01-26 22:39:25,731 - INFO - Formatting applied successfully to sheet: HoursComparison.
2025-01-26 22:39:25,769 - INFO - Main comparison process completed successfully. File saved to ComparedResults\Full_Comparison.xlsx.
2025-01-26 22:39:43,172 - ERROR - Error in main comparison process: (-2147417848, 'The object invoked has disconnected from its clients.', None, None)
2025-01-26 22:47:32,023 - INFO - Starting main comparison process.
2025-01-26 22:47:32,024 - INFO - Loading sheets from the provided Excel files.
2025-01-26 22:47:32,502 - INFO - Sheets loaded successfully.
2025-01-26 22:47:32,502 - INFO - Calculating totals for trips, hours, operators, and amounts.
2025-01-26 22:47:32,503 - INFO - Calculating totals for trips, hours, operators, and amounts.
2025-01-26 22:47:32,504 - INFO - Comparing operators between previous and latest sheets.
2025-01-26 22:47:32,508 - INFO - Operator comparison completed.
2025-01-26 22:47:32,510 - INFO - Comparing trips and hours data between previous and latest sheets.
2025-01-26 22:47:32,517 - INFO - Trips and hours comparison completed.
2025-01-26 22:47:32,591 - INFO - Applying formatting to sheet: Summary.
2025-01-26 22:47:32,595 - INFO - Formatting applied successfully to sheet: Summary.
2025-01-26 22:47:32,595 - INFO - Applying formatting to sheet: OperatorChanges.
2025-01-26 22:47:32,596 - INFO - Formatting applied successfully to sheet: OperatorChanges.
2025-01-26 22:47:32,597 - INFO - Applying formatting to sheet: TripsComparison.
2025-01-26 22:47:32,604 - INFO - Formatting applied successfully to sheet: TripsComparison.
2025-01-26 22:47:32,604 - INFO - Applying formatting to sheet: HoursComparison.
2025-01-26 22:47:32,613 - INFO - Formatting applied successfully to sheet: HoursComparison.
2025-01-26 22:47:32,646 - INFO - Calculating client totals for CCCTA.
2025-01-26 22:47:32,647 - INFO - Calculating client totals for CCCTA.
2025-01-26 22:47:32,649 - INFO - Comparing operators between previous and latest sheets.
2025-01-26 22:47:32,651 - INFO - Operator comparison completed.
2025-01-26 22:47:32,653 - INFO - Comparing trips and hours data between previous and latest sheets.
2025-01-26 22:47:32,658 - INFO - Trips and hours comparison completed.
2025-01-26 22:47:32,716 - INFO - Applying formatting to sheet: Summary.
2025-01-26 22:47:32,719 - INFO - Formatting applied successfully to sheet: Summary.
2025-01-26 22:47:32,719 - INFO - Applying formatting to sheet: OperatorChanges.
2025-01-26 22:47:32,721 - INFO - Formatting applied successfully to sheet: OperatorChanges.
2025-01-26 22:47:32,722 - INFO - Applying formatting to sheet: TripsComparison.
2025-01-26 22:47:32,728 - INFO - Formatting applied successfully to sheet: TripsComparison.
2025-01-26 22:47:32,728 - INFO - Applying formatting to sheet: HoursComparison.
2025-01-26 22:47:32,734 - INFO - Formatting applied successfully to sheet: HoursComparison.
2025-01-26 22:47:32,765 - INFO - Calculating client totals for LAVTA.
2025-01-26 22:47:32,766 - INFO - Calculating client totals for LAVTA.
2025-01-26 22:47:32,767 - INFO - Comparing operators between previous and latest sheets.
2025-01-26 22:47:32,770 - INFO - Operator comparison completed.
2025-01-26 22:47:32,771 - INFO - Comparing trips and hours data between previous and latest sheets.
2025-01-26 22:47:32,777 - INFO - Trips and hours comparison completed.
2025-01-26 22:47:32,823 - INFO - Applying formatting to sheet: Summary.
2025-01-26 22:47:32,827 - INFO - Formatting applied successfully to sheet: Summary.
2025-01-26 22:47:32,827 - INFO - Applying formatting to sheet: OperatorChanges.
2025-01-26 22:47:32,830 - INFO - Formatting applied successfully to sheet: OperatorChanges.
2025-01-26 22:47:32,830 - INFO - Applying formatting to sheet: TripsComparison.
2025-01-26 22:47:32,835 - INFO - Formatting applied successfully to sheet: TripsComparison.
2025-01-26 22:47:32,835 - INFO - Applying formatting to sheet: HoursComparison.
2025-01-26 22:47:32,839 - INFO - Formatting applied successfully to sheet: HoursComparison.
2025-01-26 22:47:32,869 - INFO - Main comparison process completed successfully. File saved to ComparedResults\Full_Comparison.xlsx.
2025-01-26 22:47:37,532 - ERROR - Error in main comparison process: (-2147417848, 'The object invoked has disconnected from its clients.', None, None)
2025-01-26 22:50:35,889 - INFO - Starting main comparison process.
2025-01-26 22:50:35,890 - INFO - Loading sheets from the provided Excel files.
2025-01-26 22:50:36,374 - INFO - Sheets loaded successfully.
2025-01-26 22:50:36,374 - INFO - Calculating totals for trips, hours, operators, and amounts.
2025-01-26 22:50:36,376 - INFO - Calculating totals for trips, hours, operators, and amounts.
2025-01-26 22:50:36,378 - INFO - Comparing operators between previous and latest sheets.
2025-01-26 22:50:36,381 - INFO - Operator comparison completed.
2025-01-26 22:50:36,383 - INFO - Comparing trips and hours data between previous and latest sheets.
2025-01-26 22:50:36,390 - INFO - Trips and hours comparison completed.
2025-01-26 22:50:36,463 - INFO - Applying formatting to sheet: Summary.
2025-01-26 22:50:36,467 - INFO - Formatting applied successfully to sheet: Summary.
2025-01-26 22:50:36,467 - INFO - Applying formatting to sheet: OperatorChanges.
2025-01-26 22:50:36,469 - INFO - Formatting applied successfully to sheet: OperatorChanges.
2025-01-26 22:50:36,469 - INFO - Applying formatting to sheet: TripsComparison.
2025-01-26 22:50:36,479 - INFO - Formatting applied successfully to sheet: TripsComparison.
2025-01-26 22:50:36,479 - INFO - Applying formatting to sheet: HoursComparison.
2025-01-26 22:50:36,486 - INFO - Formatting applied successfully to sheet: HoursComparison.
2025-01-26 22:50:36,519 - INFO - Calculating client totals for CCCTA.
2025-01-26 22:50:36,520 - INFO - Calculating client totals for CCCTA.
2025-01-26 22:50:36,521 - INFO - Comparing operators between previous and latest sheets.
2025-01-26 22:50:36,524 - INFO - Operator comparison completed.
2025-01-26 22:50:36,526 - INFO - Comparing trips and hours data between previous and latest sheets.
2025-01-26 22:50:36,533 - INFO - Trips and hours comparison completed.
2025-01-26 22:50:36,581 - INFO - Applying formatting to sheet: Summary.
2025-01-26 22:50:36,584 - INFO - Formatting applied successfully to sheet: Summary.
2025-01-26 22:50:36,585 - INFO - Applying formatting to sheet: OperatorChanges.
2025-01-26 22:50:36,586 - INFO - Formatting applied successfully to sheet: OperatorChanges.
2025-01-26 22:50:36,587 - INFO - Applying formatting to sheet: TripsComparison.
2025-01-26 22:50:36,593 - INFO - Formatting applied successfully to sheet: TripsComparison.
2025-01-26 22:50:36,594 - INFO - Applying formatting to sheet: HoursComparison.
2025-01-26 22:50:36,600 - INFO - Formatting applied successfully to sheet: HoursComparison.
2025-01-26 22:50:36,624 - INFO - Calculating client totals for LAVTA.
2025-01-26 22:50:36,624 - INFO - Calculating client totals for LAVTA.
2025-01-26 22:50:36,626 - INFO - Comparing operators between previous and latest sheets.
2025-01-26 22:50:36,629 - INFO - Operator comparison completed.
2025-01-26 22:50:36,631 - INFO - Comparing trips and hours data between previous and latest sheets.
2025-01-26 22:50:36,637 - INFO - Trips and hours comparison completed.
2025-01-26 22:50:36,681 - INFO - Applying formatting to sheet: Summary.
2025-01-26 22:50:36,684 - INFO - Formatting applied successfully to sheet: Summary.
2025-01-26 22:50:36,684 - INFO - Applying formatting to sheet: OperatorChanges.
2025-01-26 22:50:36,687 - INFO - Formatting applied successfully to sheet: OperatorChanges.
2025-01-26 22:50:36,687 - INFO - Applying formatting to sheet: TripsComparison.
2025-01-26 22:50:36,691 - INFO - Formatting applied successfully to sheet: TripsComparison.
2025-01-26 22:50:36,692 - INFO - Applying formatting to sheet: HoursComparison.
2025-01-26 22:50:36,697 - INFO - Formatting applied successfully to sheet: HoursComparison.
2025-01-26 22:50:36,724 - INFO - Main comparison process completed successfully. File saved to ComparedResults\Full_Comparison.xlsx.
2025-01-26 22:52:04,201 - INFO - Starting main comparison process.
2025-01-26 22:52:04,201 - INFO - Loading sheets from the provided Excel files.
2025-01-26 22:52:04,677 - INFO - Sheets loaded successfully.
2025-01-26 22:52:04,677 - INFO - Calculating totals for trips, hours, operators, and amounts.
2025-01-26 22:52:04,678 - INFO - Calculating totals for trips, hours, operators, and amounts.
2025-01-26 22:52:04,680 - INFO - Comparing operators between previous and latest sheets.
2025-01-26 22:52:04,683 - INFO - Operator comparison completed.
2025-01-26 22:52:04,686 - INFO - Comparing trips and hours data between previous and latest sheets.
2025-01-26 22:52:04,693 - INFO - Trips and hours comparison completed.
2025-01-26 22:52:04,764 - INFO - Applying formatting to sheet: Summary.
2025-01-26 22:52:04,767 - INFO - Formatting applied successfully to sheet: Summary.
2025-01-26 22:52:04,768 - INFO - Applying formatting to sheet: OperatorChanges.
2025-01-26 22:52:04,769 - INFO - Formatting applied successfully to sheet: OperatorChanges.
2025-01-26 22:52:04,769 - INFO - Applying formatting to sheet: TripsComparison.
2025-01-26 22:52:04,777 - INFO - Formatting applied successfully to sheet: TripsComparison.
2025-01-26 22:52:04,777 - INFO - Applying formatting to sheet: HoursComparison.
2025-01-26 22:52:04,785 - INFO - Formatting applied successfully to sheet: HoursComparison.
2025-01-26 22:52:04,818 - INFO - Calculating client totals for CCCTA.
2025-01-26 22:52:04,818 - INFO - Calculating client totals for CCCTA.
2025-01-26 22:52:04,819 - INFO - Comparing operators between previous and latest sheets.
2025-01-26 22:52:04,822 - INFO - Operator comparison completed.
2025-01-26 22:52:04,823 - INFO - Comparing trips and hours data between previous and latest sheets.
2025-01-26 22:52:04,829 - INFO - Trips and hours comparison completed.
2025-01-26 22:52:04,888 - INFO - Applying formatting to sheet: Summary.
2025-01-26 22:52:04,891 - INFO - Formatting applied successfully to sheet: Summary.
2025-01-26 22:52:04,891 - INFO - Applying formatting to sheet: OperatorChanges.
2025-01-26 22:52:04,893 - INFO - Formatting applied successfully to sheet: OperatorChanges.
2025-01-26 22:52:04,893 - INFO - Applying formatting to sheet: TripsComparison.
2025-01-26 22:52:04,900 - INFO - Formatting applied successfully to sheet: TripsComparison.
2025-01-26 22:52:04,900 - INFO - Applying formatting to sheet: HoursComparison.
2025-01-26 22:52:04,906 - INFO - Formatting applied successfully to sheet: HoursComparison.
2025-01-26 22:52:04,937 - INFO - Calculating client totals for LAVTA.
2025-01-26 22:52:04,938 - INFO - Calculating client totals for LAVTA.
2025-01-26 22:52:04,939 - INFO - Comparing operators between previous and latest sheets.
2025-01-26 22:52:04,942 - INFO - Operator comparison completed.
2025-01-26 22:52:04,943 - INFO - Comparing trips and hours data between previous and latest sheets.
2025-01-26 22:52:04,950 - INFO - Trips and hours comparison completed.
2025-01-26 22:52:05,042 - INFO - Applying formatting to sheet: Summary.
2025-01-26 22:52:05,045 - INFO - Formatting applied successfully to sheet: Summary.
2025-01-26 22:52:05,045 - INFO - Applying formatting to sheet: OperatorChanges.
2025-01-26 22:52:05,048 - INFO - Formatting applied successfully to sheet: OperatorChanges.
2025-01-26 22:52:05,048 - INFO - Applying formatting to sheet: TripsComparison.
2025-01-26 22:52:05,053 - INFO - Formatting applied successfully to sheet: TripsComparison.
2025-01-26 22:52:05,053 - INFO - Applying formatting to sheet: HoursComparison.
2025-01-26 22:52:05,057 - INFO - Formatting applied successfully to sheet: HoursComparison.
2025-01-26 22:52:05,097 - INFO - Main comparison process completed successfully. File saved to ComparedResults\Full_Comparison.xlsx.
2025-01-27 08:16:58,861 - INFO - Starting main comparison process.
2025-01-27 08:16:58,932 - INFO - Loading sheets from the provided Excel files.
2025-01-27 08:16:59,474 - INFO - Sheets loaded successfully.
2025-01-27 08:16:59,474 - INFO - Calculating totals for trips, hours, operators, and amounts.
2025-01-27 08:16:59,480 - INFO - Calculating totals for trips, hours, operators, and amounts.
2025-01-27 08:16:59,482 - INFO - Comparing operators between previous and latest sheets.
2025-01-27 08:16:59,488 - INFO - Operator comparison completed.
2025-01-27 08:16:59,490 - INFO - Comparing dates between previous and latest sheets.
2025-01-27 08:16:59,492 - INFO - Date comparison completed.
2025-01-27 08:16:59,494 - INFO - Comparing trips and hours data between previous and latest sheets.
2025-01-27 08:16:59,522 - INFO - Trips and hours comparison completed.
2025-01-27 08:16:59,628 - INFO - Applying formatting to sheet: Summary.
2025-01-27 08:16:59,632 - INFO - Formatting applied successfully to sheet: Summary.
2025-01-27 08:16:59,632 - INFO - Applying formatting to sheet: OperatorChanges.
2025-01-27 08:16:59,634 - INFO - Formatting applied successfully to sheet: OperatorChanges.
2025-01-27 08:16:59,634 - INFO - Applying formatting to sheet: TripsComparison.
2025-01-27 08:16:59,642 - INFO - Formatting applied successfully to sheet: TripsComparison.
2025-01-27 08:16:59,643 - INFO - Applying formatting to sheet: HoursComparison.
2025-01-27 08:16:59,650 - INFO - Formatting applied successfully to sheet: HoursComparison.
2025-01-27 08:16:59,650 - INFO - Applying formatting to sheet: DateComparison.
2025-01-27 08:16:59,656 - INFO - Formatting applied successfully to sheet: DateComparison.
2025-01-27 08:16:59,725 - INFO - Calculating client totals for CCCTA.
2025-01-27 08:16:59,726 - INFO - Calculating client totals for CCCTA.
2025-01-27 08:16:59,727 - INFO - Comparing operators between previous and latest sheets.
2025-01-27 08:16:59,730 - INFO - Operator comparison completed.
2025-01-27 08:16:59,731 - INFO - Comparing dates between previous and latest sheets.
2025-01-27 08:16:59,732 - INFO - Date comparison completed.
2025-01-27 08:16:59,734 - INFO - Comparing trips and hours data between previous and latest sheets.
2025-01-27 08:16:59,740 - INFO - Trips and hours comparison completed.
2025-01-27 08:16:59,833 - INFO - Applying formatting to sheet: Summary.
2025-01-27 08:16:59,837 - INFO - Formatting applied successfully to sheet: Summary.
2025-01-27 08:16:59,837 - INFO - Applying formatting to sheet: OperatorChanges.
2025-01-27 08:16:59,840 - INFO - Formatting applied successfully to sheet: OperatorChanges.
2025-01-27 08:16:59,840 - INFO - Applying formatting to sheet: TripsComparison.
2025-01-27 08:16:59,846 - INFO - Formatting applied successfully to sheet: TripsComparison.
2025-01-27 08:16:59,846 - INFO - Applying formatting to sheet: HoursComparison.
2025-01-27 08:16:59,853 - INFO - Formatting applied successfully to sheet: HoursComparison.
2025-01-27 08:16:59,853 - INFO - Applying formatting to sheet: DateComparison.
2025-01-27 08:16:59,859 - INFO - Formatting applied successfully to sheet: DateComparison.
2025-01-27 08:16:59,918 - INFO - Calculating client totals for LAVTA.
2025-01-27 08:16:59,919 - INFO - Calculating client totals for LAVTA.
2025-01-27 08:16:59,920 - INFO - Comparing operators between previous and latest sheets.
2025-01-27 08:16:59,923 - INFO - Operator comparison completed.
2025-01-27 08:16:59,925 - INFO - Comparing dates between previous and latest sheets.
2025-01-27 08:16:59,926 - INFO - Date comparison completed.
2025-01-27 08:16:59,928 - INFO - Comparing trips and hours data between previous and latest sheets.
2025-01-27 08:16:59,936 - INFO - Trips and hours comparison completed.
2025-01-27 08:17:00,020 - INFO - Applying formatting to sheet: Summary.
2025-01-27 08:17:00,024 - INFO - Formatting applied successfully to sheet: Summary.
2025-01-27 08:17:00,024 - INFO - Applying formatting to sheet: OperatorChanges.
2025-01-27 08:17:00,026 - INFO - Formatting applied successfully to sheet: OperatorChanges.
2025-01-27 08:17:00,026 - INFO - Applying formatting to sheet: TripsComparison.
2025-01-27 08:17:00,030 - INFO - Formatting applied successfully to sheet: TripsComparison.
2025-01-27 08:17:00,030 - INFO - Applying formatting to sheet: HoursComparison.
2025-01-27 08:17:00,034 - INFO - Formatting applied successfully to sheet: HoursComparison.
2025-01-27 08:17:00,035 - INFO - Applying formatting to sheet: DateComparison.
2025-01-27 08:17:00,040 - INFO - Formatting applied successfully to sheet: DateComparison.
2025-01-27 08:17:00,097 - INFO - Main comparison process completed successfully. File saved to ComparedResults\Full_Comparison.xlsx.
2025-01-27 08:32:22,690 - INFO - Starting main comparison process.
2025-01-27 08:32:22,691 - INFO - Loading sheets from the provided Excel files.
2025-01-27 08:32:23,134 - INFO - Sheets loaded successfully.
2025-01-27 08:32:23,135 - INFO - Calculating totals for trips, hours, operators, and amounts.
2025-01-27 08:32:23,136 - INFO - Calculating totals for trips, hours, operators, and amounts.
2025-01-27 08:32:23,138 - INFO - Comparing operators between previous and latest sheets.
2025-01-27 08:32:23,142 - INFO - Operator comparison completed.
2025-01-27 08:32:23,144 - INFO - Comparing trips and hours data between previous and latest sheets.
2025-01-27 08:32:23,150 - INFO - Trips and hours comparison completed.
2025-01-27 08:32:23,223 - INFO - Applying formatting to sheet: Summary.
2025-01-27 08:32:23,226 - INFO - Formatting applied successfully to sheet: Summary.
2025-01-27 08:32:23,226 - INFO - Applying formatting to sheet: OperatorChanges.
2025-01-27 08:32:23,227 - INFO - Formatting applied successfully to sheet: OperatorChanges.
2025-01-27 08:32:23,227 - INFO - Applying formatting to sheet: TripsComparison.
2025-01-27 08:32:23,237 - INFO - Formatting applied successfully to sheet: TripsComparison.
2025-01-27 08:32:23,237 - INFO - Applying formatting to sheet: HoursComparison.
2025-01-27 08:32:23,245 - INFO - Formatting applied successfully to sheet: HoursComparison.
2025-01-27 08:32:23,302 - INFO - Calculating client totals for CCCTA.
2025-01-27 08:32:23,303 - INFO - Calculating client totals for CCCTA.
2025-01-27 08:32:23,304 - INFO - Comparing operators between previous and latest sheets.
2025-01-27 08:32:23,306 - INFO - Operator comparison completed.
2025-01-27 08:32:23,308 - INFO - Comparing trips and hours data between previous and latest sheets.
2025-01-27 08:32:23,313 - INFO - Trips and hours comparison completed.
2025-01-27 08:32:23,373 - INFO - Applying formatting to sheet: Summary.
2025-01-27 08:32:23,376 - INFO - Formatting applied successfully to sheet: Summary.
2025-01-27 08:32:23,376 - INFO - Applying formatting to sheet: OperatorChanges.
2025-01-27 08:32:23,378 - INFO - Formatting applied successfully to sheet: OperatorChanges.
2025-01-27 08:32:23,378 - INFO - Applying formatting to sheet: TripsComparison.
2025-01-27 08:32:23,385 - INFO - Formatting applied successfully to sheet: TripsComparison.
2025-01-27 08:32:23,385 - INFO - Applying formatting to sheet: HoursComparison.
2025-01-27 08:32:23,393 - INFO - Formatting applied successfully to sheet: HoursComparison.
2025-01-27 08:32:23,447 - INFO - Calculating client totals for LAVTA.
2025-01-27 08:32:23,449 - INFO - Calculating client totals for LAVTA.
2025-01-27 08:32:23,451 - INFO - Comparing operators between previous and latest sheets.
2025-01-27 08:32:23,455 - INFO - Operator comparison completed.
2025-01-27 08:32:23,456 - INFO - Comparing trips and hours data between previous and latest sheets.
2025-01-27 08:32:23,464 - INFO - Trips and hours comparison completed.
2025-01-27 08:32:23,518 - INFO - Applying formatting to sheet: Summary.
2025-01-27 08:32:23,521 - INFO - Formatting applied successfully to sheet: Summary.
2025-01-27 08:32:23,521 - INFO - Applying formatting to sheet: OperatorChanges.
2025-01-27 08:32:23,523 - INFO - Formatting applied successfully to sheet: OperatorChanges.
2025-01-27 08:32:23,523 - INFO - Applying formatting to sheet: TripsComparison.
2025-01-27 08:32:23,527 - INFO - Formatting applied successfully to sheet: TripsComparison.
2025-01-27 08:32:23,527 - INFO - Applying formatting to sheet: HoursComparison.
2025-01-27 08:32:23,531 - INFO - Formatting applied successfully to sheet: HoursComparison.
2025-01-27 08:32:23,594 - INFO - Main comparison process completed successfully. File saved to ComparedResults\Full_Comparison.xlsx.
2025-01-27 08:34:20,275 - INFO - Starting main comparison process.
2025-01-27 08:34:20,276 - INFO - Loading sheets from the provided Excel files.
2025-01-27 08:34:20,729 - INFO - Sheets loaded successfully.
2025-01-27 08:34:20,729 - INFO - Calculating totals for trips, hours, operators, and amounts.
2025-01-27 08:34:20,731 - INFO - Calculating totals for trips, hours, operators, and amounts.
2025-01-27 08:34:20,733 - INFO - Comparing operators between previous and latest sheets.
2025-01-27 08:34:20,736 - INFO - Operator comparison completed.
2025-01-27 08:34:20,739 - INFO - Comparing trips and hours data between previous and latest sheets.
2025-01-27 08:34:20,745 - INFO - Trips and hours comparison completed.
2025-01-27 08:34:20,817 - INFO - Applying formatting to sheet: Summary.
2025-01-27 08:34:20,821 - INFO - Formatting applied successfully to sheet: Summary.
2025-01-27 08:34:20,821 - INFO - Applying formatting to sheet: OperatorChanges.
2025-01-27 08:34:20,822 - INFO - Formatting applied successfully to sheet: OperatorChanges.
2025-01-27 08:34:20,822 - INFO - Applying formatting to sheet: TripsComparison.
2025-01-27 08:34:20,830 - INFO - Formatting applied successfully to sheet: TripsComparison.
2025-01-27 08:34:20,830 - INFO - Applying formatting to sheet: HoursComparison.
2025-01-27 08:34:20,838 - INFO - Formatting applied successfully to sheet: HoursComparison.
2025-01-27 08:34:20,878 - INFO - Calculating client totals for CCCTA.
2025-01-27 08:34:20,879 - INFO - Calculating client totals for CCCTA.
2025-01-27 08:34:20,880 - INFO - Comparing operators between previous and latest sheets.
2025-01-27 08:34:20,884 - INFO - Operator comparison completed.
2025-01-27 08:34:20,885 - INFO - Comparing trips and hours data between previous and latest sheets.
2025-01-27 08:34:20,891 - INFO - Trips and hours comparison completed.
2025-01-27 08:34:20,937 - INFO - Applying formatting to sheet: Summary.
2025-01-27 08:34:20,940 - INFO - Formatting applied successfully to sheet: Summary.
2025-01-27 08:34:20,940 - INFO - Applying formatting to sheet: OperatorChanges.
2025-01-27 08:34:20,942 - INFO - Formatting applied successfully to sheet: OperatorChanges.
2025-01-27 08:34:20,942 - INFO - Applying formatting to sheet: TripsComparison.
2025-01-27 08:34:20,948 - INFO - Formatting applied successfully to sheet: TripsComparison.
2025-01-27 08:34:20,948 - INFO - Applying formatting to sheet: HoursComparison.
2025-01-27 08:34:20,955 - INFO - Formatting applied successfully to sheet: HoursComparison.
2025-01-27 08:34:20,976 - INFO - Calculating client totals for LAVTA.
2025-01-27 08:34:20,977 - INFO - Calculating client totals for LAVTA.
2025-01-27 08:34:20,978 - INFO - Comparing operators between previous and latest sheets.
2025-01-27 08:34:20,981 - INFO - Operator comparison completed.
2025-01-27 08:34:20,983 - INFO - Comparing trips and hours data between previous and latest sheets.
2025-01-27 08:34:20,990 - INFO - Trips and hours comparison completed.
2025-01-27 08:34:21,036 - INFO - Applying formatting to sheet: Summary.
2025-01-27 08:34:21,039 - INFO - Formatting applied successfully to sheet: Summary.
2025-01-27 08:34:21,040 - INFO - Applying formatting to sheet: OperatorChanges.
2025-01-27 08:34:21,042 - INFO - Formatting applied successfully to sheet: OperatorChanges.
2025-01-27 08:34:21,042 - INFO - Applying formatting to sheet: TripsComparison.
2025-01-27 08:34:21,046 - INFO - Formatting applied successfully to sheet: TripsComparison.
2025-01-27 08:34:21,046 - INFO - Applying formatting to sheet: HoursComparison.
2025-01-27 08:34:21,051 - INFO - Formatting applied successfully to sheet: HoursComparison.
2025-01-27 08:34:21,081 - INFO - Main comparison process completed successfully. File saved to ComparedResults\Full_Comparison.xlsx.
2025-01-27 08:35:05,059 - INFO - Starting main comparison process.
2025-01-27 08:35:05,060 - INFO - Loading sheets from the provided Excel files.
2025-01-27 08:35:05,503 - INFO - Sheets loaded successfully.
2025-01-27 08:35:05,504 - INFO - Calculating totals for trips, hours, operators, and amounts.
2025-01-27 08:35:05,506 - INFO - Calculating totals for trips, hours, operators, and amounts.
2025-01-27 08:35:05,507 - INFO - Comparing operators between previous and latest sheets.
2025-01-27 08:35:05,511 - INFO - Operator comparison completed.
2025-01-27 08:35:05,514 - INFO - Comparing trips and hours data between previous and latest sheets.
2025-01-27 08:35:05,521 - INFO - Trips and hours comparison completed.
2025-01-27 08:35:05,596 - INFO - Applying formatting to sheet: Summary.
2025-01-27 08:35:05,599 - INFO - Formatting applied successfully to sheet: Summary.
2025-01-27 08:35:05,599 - INFO - Applying formatting to sheet: OperatorChanges.
2025-01-27 08:35:05,601 - INFO - Formatting applied successfully to sheet: OperatorChanges.
2025-01-27 08:35:05,601 - INFO - Applying formatting to sheet: TripsComparison.
2025-01-27 08:35:05,608 - INFO - Formatting applied successfully to sheet: TripsComparison.
2025-01-27 08:35:05,608 - INFO - Applying formatting to sheet: HoursComparison.
2025-01-27 08:35:05,617 - INFO - Formatting applied successfully to sheet: HoursComparison.
2025-01-27 08:35:05,650 - INFO - Calculating client totals for CCCTA.
2025-01-27 08:35:05,651 - INFO - Calculating client totals for CCCTA.
2025-01-27 08:35:05,652 - INFO - Comparing operators between previous and latest sheets.
2025-01-27 08:35:05,654 - INFO - Operator comparison completed.
2025-01-27 08:35:05,655 - INFO - Comparing trips and hours data between previous and latest sheets.
2025-01-27 08:35:05,662 - INFO - Trips and hours comparison completed.
2025-01-27 08:35:05,706 - INFO - Applying formatting to sheet: Summary.
2025-01-27 08:35:05,711 - INFO - Formatting applied successfully to sheet: Summary.
2025-01-27 08:35:05,711 - INFO - Applying formatting to sheet: OperatorChanges.
2025-01-27 08:35:05,713 - INFO - Formatting applied successfully to sheet: OperatorChanges.
2025-01-27 08:35:05,713 - INFO - Applying formatting to sheet: TripsComparison.
2025-01-27 08:35:05,719 - INFO - Formatting applied successfully to sheet: TripsComparison.
2025-01-27 08:35:05,719 - INFO - Applying formatting to sheet: HoursComparison.
2025-01-27 08:35:05,726 - INFO - Formatting applied successfully to sheet: HoursComparison.
2025-01-27 08:35:05,756 - INFO - Calculating client totals for LAVTA.
2025-01-27 08:35:05,757 - INFO - Calculating client totals for LAVTA.
2025-01-27 08:35:05,758 - INFO - Comparing operators between previous and latest sheets.
2025-01-27 08:35:05,762 - INFO - Operator comparison completed.
2025-01-27 08:35:05,763 - INFO - Comparing trips and hours data between previous and latest sheets.
2025-01-27 08:35:05,769 - INFO - Trips and hours comparison completed.
2025-01-27 08:35:05,814 - INFO - Applying formatting to sheet: Summary.
2025-01-27 08:35:05,817 - INFO - Formatting applied successfully to sheet: Summary.
2025-01-27 08:35:05,817 - INFO - Applying formatting to sheet: OperatorChanges.
2025-01-27 08:35:05,820 - INFO - Formatting applied successfully to sheet: OperatorChanges.
2025-01-27 08:35:05,820 - INFO - Applying formatting to sheet: TripsComparison.
2025-01-27 08:35:05,824 - INFO - Formatting applied successfully to sheet: TripsComparison.
2025-01-27 08:35:05,825 - INFO - Applying formatting to sheet: HoursComparison.
2025-01-27 08:35:05,829 - INFO - Formatting applied successfully to sheet: HoursComparison.
2025-01-27 08:35:05,861 - INFO - Main comparison process completed successfully. File saved to ComparedResults\Full_Comparison.xlsx.
2025-01-27 09:07:06,636 - INFO - Starting main comparison process.
2025-01-27 09:07:06,636 - INFO - Loading sheets from the provided Excel files.
2025-01-27 09:07:07,084 - INFO - Sheets loaded successfully.
2025-01-27 09:07:07,085 - INFO - Calculating totals for trips, hours, operators, and amounts.
2025-01-27 09:07:07,086 - INFO - Calculating totals for trips, hours, operators, and amounts.
2025-01-27 09:07:07,088 - INFO - Comparing operators between previous and latest sheets.
2025-01-27 09:07:07,091 - INFO - Operator comparison completed.
2025-01-27 09:07:07,093 - INFO - Comparing trips and hours data between previous and latest sheets.
2025-01-27 09:07:07,102 - INFO - Trips and hours comparison completed.
2025-01-27 09:07:07,184 - INFO - Applying formatting to sheet: Summary.
2025-01-27 09:07:07,187 - INFO - Formatting applied successfully to sheet: Summary.
2025-01-27 09:07:07,187 - INFO - Applying formatting to sheet: OperatorChanges.
2025-01-27 09:07:07,188 - INFO - Formatting applied successfully to sheet: OperatorChanges.
2025-01-27 09:07:07,189 - INFO - Applying formatting to sheet: TripsComparison.
2025-01-27 09:07:07,197 - INFO - Formatting applied successfully to sheet: TripsComparison.
2025-01-27 09:07:07,198 - INFO - Applying formatting to sheet: HoursComparison.
2025-01-27 09:07:07,205 - INFO - Formatting applied successfully to sheet: HoursComparison.
2025-01-27 09:07:07,238 - INFO - Calculating client totals for CCCTA.
2025-01-27 09:07:07,239 - INFO - Calculating client totals for CCCTA.
2025-01-27 09:07:07,241 - INFO - Comparing operators between previous and latest sheets.
2025-01-27 09:07:07,243 - INFO - Operator comparison completed.
2025-01-27 09:07:07,245 - INFO - Comparing trips and hours data between previous and latest sheets.
2025-01-27 09:07:07,250 - INFO - Trips and hours comparison completed.
2025-01-27 09:07:07,303 - INFO - Applying formatting to sheet: Summary.
2025-01-27 09:07:07,308 - INFO - Formatting applied successfully to sheet: Summary.
2025-01-27 09:07:07,308 - INFO - Applying formatting to sheet: OperatorChanges.
2025-01-27 09:07:07,310 - INFO - Formatting applied successfully to sheet: OperatorChanges.
2025-01-27 09:07:07,310 - INFO - Applying formatting to sheet: TripsComparison.
2025-01-27 09:07:07,316 - INFO - Formatting applied successfully to sheet: TripsComparison.
2025-01-27 09:07:07,317 - INFO - Applying formatting to sheet: HoursComparison.
2025-01-27 09:07:07,323 - INFO - Formatting applied successfully to sheet: HoursComparison.
2025-01-27 09:07:07,353 - INFO - Calculating client totals for LAVTA.
2025-01-27 09:07:07,355 - INFO - Calculating client totals for LAVTA.
2025-01-27 09:07:07,356 - INFO - Comparing operators between previous and latest sheets.
2025-01-27 09:07:07,359 - INFO - Operator comparison completed.
2025-01-27 09:07:07,360 - INFO - Comparing trips and hours data between previous and latest sheets.
2025-01-27 09:07:07,366 - INFO - Trips and hours comparison completed.
2025-01-27 09:07:07,419 - INFO - Applying formatting to sheet: Summary.
2025-01-27 09:07:07,424 - INFO - Formatting applied successfully to sheet: Summary.
2025-01-27 09:07:07,424 - INFO - Applying formatting to sheet: OperatorChanges.
2025-01-27 09:07:07,426 - INFO - Formatting applied successfully to sheet: OperatorChanges.
2025-01-27 09:07:07,427 - INFO - Applying formatting to sheet: TripsComparison.
2025-01-27 09:07:07,431 - INFO - Formatting applied successfully to sheet: TripsComparison.
2025-01-27 09:07:07,431 - INFO - Applying formatting to sheet: HoursComparison.
2025-01-27 09:07:07,435 - INFO - Formatting applied successfully to sheet: HoursComparison.
2025-01-27 09:07:07,477 - INFO - Main comparison process completed successfully. File saved to ComparedResults\Full_Comparison.xlsx.
2025-01-27 09:07:56,213 - INFO - Starting main comparison process.
2025-01-27 09:07:56,213 - INFO - Loading sheets from the provided Excel files.
2025-01-27 09:07:56,669 - INFO - Sheets loaded successfully.
2025-01-27 09:07:56,670 - INFO - Calculating totals for trips, hours, operators, and amounts.
2025-01-27 09:07:56,671 - INFO - Calculating totals for trips, hours, operators, and amounts.
2025-01-27 09:07:56,673 - INFO - Comparing operators between previous and latest sheets.
2025-01-27 09:07:56,677 - INFO - Operator comparison completed.
2025-01-27 09:07:56,680 - INFO - Comparing trips and hours data between previous and latest sheets.
2025-01-27 09:07:56,689 - INFO - Trips and hours comparison completed.
2025-01-27 09:07:56,762 - INFO - Applying formatting to sheet: Summary.
2025-01-27 09:07:56,766 - INFO - Formatting applied successfully to sheet: Summary.
2025-01-27 09:07:56,766 - INFO - Applying formatting to sheet: OperatorChanges.
2025-01-27 09:07:56,768 - INFO - Formatting applied successfully to sheet: OperatorChanges.
2025-01-27 09:07:56,768 - INFO - Applying formatting to sheet: TripsComparison.
2025-01-27 09:07:56,776 - INFO - Formatting applied successfully to sheet: TripsComparison.
2025-01-27 09:07:56,776 - INFO - Applying formatting to sheet: HoursComparison.
2025-01-27 09:07:56,784 - INFO - Formatting applied successfully to sheet: HoursComparison.
2025-01-27 09:07:56,817 - INFO - Calculating client totals for CCCTA.
2025-01-27 09:07:56,818 - INFO - Calculating client totals for CCCTA.
2025-01-27 09:07:56,819 - INFO - Comparing operators between previous and latest sheets.
2025-01-27 09:07:56,822 - INFO - Operator comparison completed.
2025-01-27 09:07:56,824 - INFO - Comparing trips and hours data between previous and latest sheets.
2025-01-27 09:07:56,829 - INFO - Trips and hours comparison completed.
2025-01-27 09:07:56,881 - INFO - Applying formatting to sheet: Summary.
2025-01-27 09:07:56,884 - INFO - Formatting applied successfully to sheet: Summary.
2025-01-27 09:07:56,884 - INFO - Applying formatting to sheet: OperatorChanges.
2025-01-27 09:07:56,888 - INFO - Formatting applied successfully to sheet: OperatorChanges.
2025-01-27 09:07:56,888 - INFO - Applying formatting to sheet: TripsComparison.
2025-01-27 09:07:56,894 - INFO - Formatting applied successfully to sheet: TripsComparison.
2025-01-27 09:07:56,894 - INFO - Applying formatting to sheet: HoursComparison.
2025-01-27 09:07:56,902 - INFO - Formatting applied successfully to sheet: HoursComparison.
2025-01-27 09:07:56,934 - INFO - Calculating client totals for LAVTA.
2025-01-27 09:07:56,935 - INFO - Calculating client totals for LAVTA.
2025-01-27 09:07:56,936 - INFO - Comparing operators between previous and latest sheets.
2025-01-27 09:07:56,939 - INFO - Operator comparison completed.
2025-01-27 09:07:56,941 - INFO - Comparing trips and hours data between previous and latest sheets.
2025-01-27 09:07:56,946 - INFO - Trips and hours comparison completed.
2025-01-27 09:07:56,999 - INFO - Applying formatting to sheet: Summary.
2025-01-27 09:07:57,003 - INFO - Formatting applied successfully to sheet: Summary.
2025-01-27 09:07:57,003 - INFO - Applying formatting to sheet: OperatorChanges.
2025-01-27 09:07:57,006 - INFO - Formatting applied successfully to sheet: OperatorChanges.
2025-01-27 09:07:57,007 - INFO - Applying formatting to sheet: TripsComparison.
2025-01-27 09:07:57,012 - INFO - Formatting applied successfully to sheet: TripsComparison.
2025-01-27 09:07:57,012 - INFO - Applying formatting to sheet: HoursComparison.
2025-01-27 09:07:57,016 - INFO - Formatting applied successfully to sheet: HoursComparison.
2025-01-27 09:07:57,058 - INFO - Main comparison process completed successfully. File saved to ComparedResults\Full_Comparison.xlsx.
2025-01-29 07:55:31,947 - INFO - Starting main comparison process.
2025-01-29 07:55:31,947 - INFO - Loading sheets from the provided Excel files.
2025-01-29 07:55:32,403 - INFO - Sheets loaded successfully.
2025-01-29 07:55:32,403 - INFO - Calculating totals for trips, hours, operators, and amounts.
2025-01-29 07:55:32,412 - INFO - Calculating totals for trips, hours, operators, and amounts.
2025-01-29 07:55:32,413 - INFO - Comparing operators between previous and latest sheets.
2025-01-29 07:55:32,420 - INFO - Operator comparison completed.
2025-01-29 07:55:32,423 - INFO - Comparing trips and hours data between previous and latest sheets.
2025-01-29 07:55:32,438 - INFO - Trips and hours comparison completed.
2025-01-29 07:55:32,438 - INFO - Comparing Deductions between previous and latest sheets.
2025-01-29 07:55:32,438 - ERROR - Error comparing deductions: 'PARTNER'
2025-01-29 07:55:32,438 - ERROR - Error in main comparison process: 'PARTNER'
2025-01-29 08:02:47,085 - INFO - Starting main comparison process.
2025-01-29 08:02:47,086 - INFO - Loading sheets from the provided Excel files.
2025-01-29 08:02:47,523 - INFO - Sheets loaded successfully.
2025-01-29 08:02:47,524 - INFO - Calculating totals for trips, hours, operators, and amounts.
2025-01-29 08:02:47,525 - INFO - Calculating totals for trips, hours, operators, and amounts.
2025-01-29 08:02:47,527 - INFO - Comparing operators between previous and latest sheets.
2025-01-29 08:02:47,530 - INFO - Operator comparison completed.
2025-01-29 08:02:47,532 - INFO - Comparing trips and hours data between previous and latest sheets.
2025-01-29 08:02:47,537 - INFO - Trips and hours comparison completed.
2025-01-29 08:02:47,538 - INFO - Comparing Deductions between previous and latest sheets.
2025-01-29 08:02:47,538 - ERROR - Error comparing deductions: 'Operator'
2025-01-29 08:02:47,538 - ERROR - Error in main comparison process: 'Operator'
2025-01-29 08:31:33,862 - INFO - Starting main comparison process.
2025-01-29 08:31:33,863 - INFO - Loading sheets from the provided Excel files.
2025-01-29 08:31:34,453 - INFO - Sheets loaded successfully.
2025-01-29 08:31:34,454 - ERROR - Error in main comparison process: not enough values to unpack (expected 6, got 4)
2025-01-29 08:34:37,744 - INFO - Starting main comparison process.
2025-01-29 08:34:37,745 - INFO - Loading sheets from the provided Excel files.
2025-01-29 08:34:38,330 - INFO - Sheets loaded successfully.
2025-01-29 08:34:38,331 - INFO - Calculating totals for trips, hours, operators, and amounts.
2025-01-29 08:34:38,332 - INFO - Calculating totals for trips, hours, operators, and amounts.
2025-01-29 08:34:38,334 - INFO - Comparing operators between previous and latest sheets.
2025-01-29 08:34:38,337 - INFO - Operator comparison completed.
2025-01-29 08:34:38,340 - INFO - Comparing trips and hours data between previous and latest sheets.
2025-01-29 08:34:38,348 - INFO - Trips and hours comparison completed.
2025-01-29 08:34:38,348 - INFO - Comparing Deductions between previous and latest sheets.
2025-01-29 08:34:38,349 - ERROR - Error comparing deductions: 'Operator'
2025-01-29 08:34:38,350 - ERROR - Error in main comparison process: 'Operator'
2025-01-29 08:48:49,227 - INFO - Starting main comparison process.
2025-01-29 08:48:49,228 - INFO - Loading sheets from the provided Excel files.
2025-01-29 08:48:49,836 - INFO - Sheets loaded successfully.
2025-01-29 08:48:49,836 - INFO - Calculating totals for trips, hours, operators, and amounts.
2025-01-29 08:48:49,838 - INFO - Calculating totals for trips, hours, operators, and amounts.
2025-01-29 08:48:49,840 - INFO - Comparing operators between previous and latest sheets.
2025-01-29 08:48:49,844 - INFO - Operator comparison completed.
2025-01-29 08:48:49,846 - INFO - Comparing trips and hours data between previous and latest sheets.
2025-01-29 08:48:49,875 - INFO - Trips and hours comparison completed.
2025-01-29 08:48:49,880 - INFO - Comparing Deductions between previous and latest sheets.
2025-01-29 08:48:49,926 - ERROR - Error comparing deductions: 'Lift Lease_LATEST'
2025-01-29 08:48:49,926 - ERROR - Error in main comparison process: 'Lift Lease_LATEST'
2025-01-29 08:53:01,605 - INFO - Starting main comparison process.
2025-01-29 08:53:01,606 - INFO - Loading sheets from the provided Excel files.
2025-01-29 08:53:02,192 - INFO - Sheets loaded successfully.
2025-01-29 08:53:02,193 - INFO - Calculating totals for trips, hours, operators, and amounts.
2025-01-29 08:53:02,194 - INFO - Calculating totals for trips, hours, operators, and amounts.
2025-01-29 08:53:02,196 - INFO - Comparing operators between previous and latest sheets.
2025-01-29 08:53:02,201 - INFO - Operator comparison completed.
2025-01-29 08:53:02,203 - INFO - Comparing trips and hours data between previous and latest sheets.
2025-01-29 08:53:02,209 - INFO - Trips and hours comparison completed.
2025-01-29 08:53:02,209 - INFO - Comparing Deductions between previous and latest sheets.
2025-01-29 08:53:02,211 - ERROR - Error comparing deductions: 'DataFrameGroupBy' object has no attribute 'join'
2025-01-29 08:53:02,211 - ERROR - Error in main comparison process: 'DataFrameGroupBy' object has no attribute 'join'
2025-01-29 08:56:18,998 - INFO - Starting main comparison process.
2025-01-29 08:56:18,998 - INFO - Loading sheets from the provided Excel files.
2025-01-29 08:56:19,600 - INFO - Sheets loaded successfully.
2025-01-29 08:56:19,600 - INFO - Calculating totals for trips, hours, operators, and amounts.
2025-01-29 08:56:19,602 - INFO - Calculating totals for trips, hours, operators, and amounts.
2025-01-29 08:56:19,603 - INFO - Comparing operators between previous and latest sheets.
2025-01-29 08:56:19,606 - INFO - Operator comparison completed.
2025-01-29 08:56:19,609 - INFO - Comparing trips and hours data between previous and latest sheets.
2025-01-29 08:56:19,617 - INFO - Trips and hours comparison completed.
2025-01-29 08:56:19,618 - INFO - Comparing Deductions between previous and latest sheets.
2025-01-29 08:56:19,629 - ERROR - Error comparing deductions: 'PARTNER'
2025-01-29 08:56:19,629 - ERROR - Error in main comparison process: 'PARTNER'
2025-01-29 08:57:13,238 - INFO - Starting main comparison process.
2025-01-29 08:57:13,239 - INFO - Loading sheets from the provided Excel files.
2025-01-29 08:57:13,837 - INFO - Sheets loaded successfully.
2025-01-29 08:57:13,855 - INFO - Calculating totals for trips, hours, operators, and amounts.
2025-01-29 08:57:13,856 - INFO - Calculating totals for trips, hours, operators, and amounts.
2025-01-29 08:57:13,858 - INFO - Comparing operators between previous and latest sheets.
2025-01-29 08:57:13,861 - INFO - Operator comparison completed.
2025-01-29 08:57:13,863 - INFO - Comparing trips and hours data between previous and latest sheets.
2025-01-29 08:57:13,872 - INFO - Trips and hours comparison completed.
2025-01-29 08:57:13,873 - INFO - Comparing Deductions between previous and latest sheets.
2025-01-29 08:57:13,879 - ERROR - Error comparing deductions: 'PARTNER'
2025-01-29 08:57:13,880 - ERROR - Error in main comparison process: 'PARTNER'
2025-01-29 08:59:14,910 - INFO - Starting main comparison process.
2025-01-29 08:59:14,911 - INFO - Loading sheets from the provided Excel files.
2025-01-29 08:59:15,504 - INFO - Sheets loaded successfully.
2025-01-29 08:59:15,505 - INFO - Calculating totals for trips, hours, operators, and amounts.
2025-01-29 08:59:15,506 - INFO - Calculating totals for trips, hours, operators, and amounts.
2025-01-29 08:59:15,508 - INFO - Comparing operators between previous and latest sheets.
2025-01-29 08:59:15,511 - INFO - Operator comparison completed.
2025-01-29 08:59:15,513 - INFO - Comparing trips and hours data between previous and latest sheets.
2025-01-29 08:59:15,520 - INFO - Trips and hours comparison completed.
2025-01-29 08:59:15,521 - INFO - Comparing Deductions between previous and latest sheets.
2025-01-29 08:59:15,522 - ERROR - Error comparing deductions: 'DataFrameGroupBy' object has no attribute 'join'
2025-01-29 08:59:15,523 - ERROR - Error in main comparison process: 'DataFrameGroupBy' object has no attribute 'join'
2025-01-29 09:03:09,104 - INFO - Starting main comparison process.
2025-01-29 09:03:09,104 - INFO - Loading sheets from the provided Excel files.
2025-01-29 09:03:09,694 - INFO - Sheets loaded successfully.
2025-01-29 09:03:09,695 - INFO - Calculating totals for trips, hours, operators, and amounts.
2025-01-29 09:03:09,696 - INFO - Calculating totals for trips, hours, operators, and amounts.
2025-01-29 09:03:09,697 - INFO - Comparing operators between previous and latest sheets.
2025-01-29 09:03:09,701 - INFO - Operator comparison completed.
2025-01-29 09:03:09,703 - INFO - Comparing trips and hours data between previous and latest sheets.
2025-01-29 09:03:09,711 - INFO - Trips and hours comparison completed.
2025-01-29 09:03:09,712 - INFO - Comparing Deductions between previous and latest sheets.
2025-01-29 09:03:09,756 - INFO - Deductions comparison completed.
2025-01-29 09:03:09,869 - INFO - Applying formatting to sheet: Summary.
2025-01-29 09:03:09,872 - INFO - Formatting applied successfully to sheet: Summary.
2025-01-29 09:03:09,872 - INFO - Applying formatting to sheet: OperatorChanges.
2025-01-29 09:03:09,874 - INFO - Formatting applied successfully to sheet: OperatorChanges.
2025-01-29 09:03:09,874 - INFO - Applying formatting to sheet: TripsComparison.
2025-01-29 09:03:09,882 - INFO - Formatting applied successfully to sheet: TripsComparison.
2025-01-29 09:03:09,882 - INFO - Applying formatting to sheet: HoursComparison.
2025-01-29 09:03:09,891 - INFO - Formatting applied successfully to sheet: HoursComparison.
2025-01-29 09:03:09,891 - INFO - Applying formatting to sheet: DeductionsComparison.
2025-01-29 09:03:09,899 - INFO - Formatting applied successfully to sheet: DeductionsComparison.
2025-01-29 09:03:09,968 - INFO - Calculating client totals for CCCTA.
2025-01-29 09:03:09,969 - INFO - Calculating client totals for CCCTA.
2025-01-29 09:03:09,970 - INFO - Comparing operators between previous and latest sheets.
2025-01-29 09:03:09,973 - INFO - Operator comparison completed.
2025-01-29 09:03:09,974 - INFO - Comparing trips and hours data between previous and latest sheets.
2025-01-29 09:03:09,979 - INFO - Trips and hours comparison completed.
2025-01-29 09:03:09,980 - INFO - Comparing Deductions between previous and latest sheets.
2025-01-29 09:03:09,984 - INFO - Deductions comparison completed.
2025-01-29 09:03:10,069 - INFO - Applying formatting to sheet: Summary.
2025-01-29 09:03:10,073 - INFO - Formatting applied successfully to sheet: Summary.
2025-01-29 09:03:10,073 - INFO - Applying formatting to sheet: OperatorChanges.
2025-01-29 09:03:10,075 - INFO - Formatting applied successfully to sheet: OperatorChanges.
2025-01-29 09:03:10,075 - INFO - Applying formatting to sheet: TripsComparison.
2025-01-29 09:03:10,081 - INFO - Formatting applied successfully to sheet: TripsComparison.
2025-01-29 09:03:10,081 - INFO - Applying formatting to sheet: HoursComparison.
2025-01-29 09:03:10,087 - INFO - Formatting applied successfully to sheet: HoursComparison.
2025-01-29 09:03:10,088 - INFO - Applying formatting to sheet: DeductionsComparison.
2025-01-29 09:03:10,095 - INFO - Formatting applied successfully to sheet: DeductionsComparison.
2025-01-29 09:03:10,156 - INFO - Calculating client totals for LAVTA.
2025-01-29 09:03:10,158 - INFO - Calculating client totals for LAVTA.
2025-01-29 09:03:10,159 - INFO - Comparing operators between previous and latest sheets.
2025-01-29 09:03:10,161 - INFO - Operator comparison completed.
2025-01-29 09:03:10,163 - INFO - Comparing trips and hours data between previous and latest sheets.
2025-01-29 09:03:10,170 - INFO - Trips and hours comparison completed.
2025-01-29 09:03:10,170 - INFO - Comparing Deductions between previous and latest sheets.
2025-01-29 09:03:10,173 - INFO - Deductions comparison completed.
2025-01-29 09:03:10,256 - INFO - Applying formatting to sheet: Summary.
2025-01-29 09:03:10,261 - INFO - Formatting applied successfully to sheet: Summary.
2025-01-29 09:03:10,261 - INFO - Applying formatting to sheet: OperatorChanges.
2025-01-29 09:03:10,264 - INFO - Formatting applied successfully to sheet: OperatorChanges.
2025-01-29 09:03:10,264 - INFO - Applying formatting to sheet: TripsComparison.
2025-01-29 09:03:10,269 - INFO - Formatting applied successfully to sheet: TripsComparison.
2025-01-29 09:03:10,269 - INFO - Applying formatting to sheet: HoursComparison.
2025-01-29 09:03:10,273 - INFO - Formatting applied successfully to sheet: HoursComparison.
2025-01-29 09:03:10,274 - INFO - Applying formatting to sheet: DeductionsComparison.
2025-01-29 09:03:10,280 - INFO - Formatting applied successfully to sheet: DeductionsComparison.
2025-01-29 09:03:10,339 - INFO - Main comparison process completed successfully. File saved to ComparedResults\Full_Comparison.xlsx.
2025-01-29 09:09:15,529 - INFO - Starting main comparison process.
2025-01-29 09:09:15,530 - INFO - Loading sheets from the provided Excel files.
2025-01-29 09:09:16,163 - INFO - Sheets loaded successfully.
2025-01-29 09:09:16,163 - INFO - Calculating totals for trips, hours, operators, and amounts.
2025-01-29 09:09:16,164 - INFO - Calculating totals for trips, hours, operators, and amounts.
2025-01-29 09:09:16,166 - INFO - Comparing operators between previous and latest sheets.
2025-01-29 09:09:16,169 - INFO - Operator comparison completed.
2025-01-29 09:09:16,171 - INFO - Comparing trips and hours data between previous and latest sheets.
2025-01-29 09:09:16,180 - INFO - Trips and hours comparison completed.
2025-01-29 09:09:16,180 - INFO - Comparing Deductions between previous and latest sheets.
2025-01-29 09:09:16,185 - ERROR - Error comparing deductions: "['PREVIOUS', 'LATEST'] not in index"
2025-01-29 09:09:16,185 - ERROR - Error in main comparison process: "['PREVIOUS', 'LATEST'] not in index"
2025-01-29 09:12:14,058 - INFO - Starting main comparison process.
2025-01-29 09:12:14,059 - INFO - Loading sheets from the provided Excel files.
2025-01-29 09:12:14,644 - INFO - Sheets loaded successfully.
2025-01-29 09:12:14,644 - INFO - Calculating totals for trips, hours, operators, and amounts.
2025-01-29 09:12:14,646 - INFO - Calculating totals for trips, hours, operators, and amounts.
2025-01-29 09:12:14,647 - INFO - Comparing operators between previous and latest sheets.
2025-01-29 09:12:14,651 - INFO - Operator comparison completed.
2025-01-29 09:12:14,654 - INFO - Comparing trips and hours data between previous and latest sheets.
2025-01-29 09:12:14,661 - INFO - Trips and hours comparison completed.
2025-01-29 09:12:14,662 - INFO - Comparing Deductions between previous and latest sheets.
2025-01-29 09:12:14,666 - ERROR - Error comparing deductions: Length mismatch: Expected axis has 3 elements, new values have 4 elements
2025-01-29 09:12:14,666 - ERROR - Error in main comparison process: Length mismatch: Expected axis has 3 elements, new values have 4 elements
2025-01-29 09:12:48,330 - INFO - Starting main comparison process.
2025-01-29 09:12:48,330 - INFO - Loading sheets from the provided Excel files.
2025-01-29 09:12:48,919 - INFO - Sheets loaded successfully.
2025-01-29 09:12:48,920 - INFO - Calculating totals for trips, hours, operators, and amounts.
2025-01-29 09:12:48,922 - INFO - Calculating totals for trips, hours, operators, and amounts.
2025-01-29 09:12:48,924 - INFO - Comparing operators between previous and latest sheets.
2025-01-29 09:12:48,928 - INFO - Operator comparison completed.
2025-01-29 09:12:48,929 - INFO - Comparing trips and hours data between previous and latest sheets.
2025-01-29 09:12:48,936 - INFO - Trips and hours comparison completed.
2025-01-29 09:12:48,936 - INFO - Comparing Deductions between previous and latest sheets.
2025-01-29 09:12:48,942 - INFO - Deductions comparison completed.
2025-01-29 09:12:49,013 - INFO - Applying formatting to sheet: Summary.
2025-01-29 09:12:49,017 - INFO - Formatting applied successfully to sheet: Summary.
2025-01-29 09:12:49,017 - INFO - Applying formatting to sheet: OperatorChanges.
2025-01-29 09:12:49,019 - INFO - Formatting applied successfully to sheet: OperatorChanges.
2025-01-29 09:12:49,020 - INFO - Applying formatting to sheet: TripsComparison.
2025-01-29 09:12:49,029 - INFO - Formatting applied successfully to sheet: TripsComparison.
2025-01-29 09:12:49,030 - INFO - Applying formatting to sheet: HoursComparison.
2025-01-29 09:12:49,038 - INFO - Formatting applied successfully to sheet: HoursComparison.
2025-01-29 09:12:49,039 - INFO - Applying formatting to sheet: DeductionsComparison.
2025-01-29 09:12:49,045 - INFO - Formatting applied successfully to sheet: DeductionsComparison.
2025-01-29 09:12:49,083 - INFO - Calculating client totals for CCCTA.
2025-01-29 09:12:49,084 - INFO - Calculating client totals for CCCTA.
2025-01-29 09:12:49,085 - INFO - Comparing operators between previous and latest sheets.
2025-01-29 09:12:49,087 - INFO - Operator comparison completed.
2025-01-29 09:12:49,089 - INFO - Comparing trips and hours data between previous and latest sheets.
2025-01-29 09:12:49,095 - INFO - Trips and hours comparison completed.
2025-01-29 09:12:49,095 - INFO - Comparing Deductions between previous and latest sheets.
2025-01-29 09:12:49,099 - INFO - Deductions comparison completed.
2025-01-29 09:12:49,177 - INFO - Applying formatting to sheet: Summary.
2025-01-29 09:12:49,180 - INFO - Formatting applied successfully to sheet: Summary.
2025-01-29 09:12:49,181 - INFO - Applying formatting to sheet: OperatorChanges.
2025-01-29 09:12:49,182 - INFO - Formatting applied successfully to sheet: OperatorChanges.
2025-01-29 09:12:49,183 - INFO - Applying formatting to sheet: TripsComparison.
2025-01-29 09:12:49,190 - INFO - Formatting applied successfully to sheet: TripsComparison.
2025-01-29 09:12:49,190 - INFO - Applying formatting to sheet: HoursComparison.
2025-01-29 09:12:49,196 - INFO - Formatting applied successfully to sheet: HoursComparison.
2025-01-29 09:12:49,196 - INFO - Applying formatting to sheet: DeductionsComparison.
2025-01-29 09:12:49,200 - INFO - Formatting applied successfully to sheet: DeductionsComparison.
2025-01-29 09:12:49,250 - INFO - Calculating client totals for LAVTA.
2025-01-29 09:12:49,251 - INFO - Calculating client totals for LAVTA.
2025-01-29 09:12:49,252 - INFO - Comparing operators between previous and latest sheets.
2025-01-29 09:12:49,254 - INFO - Operator comparison completed.
2025-01-29 09:12:49,256 - INFO - Comparing trips and hours data between previous and latest sheets.
2025-01-29 09:12:49,262 - INFO - Trips and hours comparison completed.
2025-01-29 09:12:49,263 - INFO - Comparing Deductions between previous and latest sheets.
2025-01-29 09:12:49,266 - INFO - Deductions comparison completed.
2025-01-29 09:12:49,332 - INFO - Applying formatting to sheet: Summary.
2025-01-29 09:12:49,335 - INFO - Formatting applied successfully to sheet: Summary.
2025-01-29 09:12:49,335 - INFO - Applying formatting to sheet: OperatorChanges.
2025-01-29 09:12:49,338 - INFO - Formatting applied successfully to sheet: OperatorChanges.
2025-01-29 09:12:49,338 - INFO - Applying formatting to sheet: TripsComparison.
2025-01-29 09:12:49,342 - INFO - Formatting applied successfully to sheet: TripsComparison.
2025-01-29 09:12:49,343 - INFO - Applying formatting to sheet: HoursComparison.
2025-01-29 09:12:49,347 - INFO - Formatting applied successfully to sheet: HoursComparison.
2025-01-29 09:12:49,347 - INFO - Applying formatting to sheet: DeductionsComparison.
2025-01-29 09:12:49,350 - INFO - Formatting applied successfully to sheet: DeductionsComparison.
2025-01-29 09:12:49,389 - INFO - Main comparison process completed successfully. File saved to ComparedResults\Full_Comparison.xlsx.
2025-01-29 09:14:41,859 - INFO - Starting main comparison process.
2025-01-29 09:14:41,860 - INFO - Loading sheets from the provided Excel files.
2025-01-29 09:14:42,461 - INFO - Sheets loaded successfully.
2025-01-29 09:14:42,461 - INFO - Calculating totals for trips, hours, operators, and amounts.
2025-01-29 09:14:42,463 - INFO - Calculating totals for trips, hours, operators, and amounts.
2025-01-29 09:14:42,464 - INFO - Comparing operators between previous and latest sheets.
2025-01-29 09:14:42,468 - INFO - Operator comparison completed.
2025-01-29 09:14:42,470 - INFO - Comparing trips and hours data between previous and latest sheets.
2025-01-29 09:14:42,476 - INFO - Trips and hours comparison completed.
2025-01-29 09:14:42,477 - INFO - Comparing Deductions between previous and latest sheets.
2025-01-29 09:14:42,483 - ERROR - Error comparing deductions: Length mismatch: Expected axis has 5 elements, new values have 4 elements
2025-01-29 09:14:42,484 - ERROR - Error in main comparison process: Length mismatch: Expected axis has 5 elements, new values have 4 elements
2025-01-29 09:18:03,323 - INFO - Starting main comparison process.
2025-01-29 09:18:03,324 - INFO - Loading sheets from the provided Excel files.
2025-01-29 09:18:03,939 - INFO - Sheets loaded successfully.
2025-01-29 09:18:03,939 - INFO - Calculating totals for trips, hours, operators, and amounts.
2025-01-29 09:18:03,941 - INFO - Calculating totals for trips, hours, operators, and amounts.
2025-01-29 09:18:03,943 - INFO - Comparing operators between previous and latest sheets.
2025-01-29 09:18:03,947 - INFO - Operator comparison completed.
2025-01-29 09:18:03,949 - INFO - Comparing trips and hours data between previous and latest sheets.
2025-01-29 09:18:03,955 - INFO - Trips and hours comparison completed.
2025-01-29 09:18:03,956 - INFO - Comparing Deductions between previous and latest sheets.
2025-01-29 09:18:03,961 - ERROR - Error comparing deductions: Length mismatch: Expected axis has 3 elements, new values have 4 elements
2025-01-29 09:18:03,961 - ERROR - Error in main comparison process: Length mismatch: Expected axis has 3 elements, new values have 4 elements
2025-01-29 09:19:23,276 - INFO - Starting main comparison process.
2025-01-29 09:19:23,277 - INFO - Loading sheets from the provided Excel files.
2025-01-29 09:19:23,895 - INFO - Sheets loaded successfully.
2025-01-29 09:19:23,895 - INFO - Calculating totals for trips, hours, operators, and amounts.
2025-01-29 09:19:23,897 - INFO - Calculating totals for trips, hours, operators, and amounts.
2025-01-29 09:19:23,898 - INFO - Comparing operators between previous and latest sheets.
2025-01-29 09:19:23,901 - INFO - Operator comparison completed.
2025-01-29 09:19:23,903 - INFO - Comparing trips and hours data between previous and latest sheets.
2025-01-29 09:19:23,909 - INFO - Trips and hours comparison completed.
2025-01-29 09:19:23,910 - INFO - Comparing Deductions between previous and latest sheets.
2025-01-29 09:19:23,915 - INFO - Deductions comparison completed.
2025-01-29 09:19:23,984 - INFO - Applying formatting to sheet: Summary.
2025-01-29 09:19:23,988 - INFO - Formatting applied successfully to sheet: Summary.
2025-01-29 09:19:23,988 - INFO - Applying formatting to sheet: OperatorChanges.
2025-01-29 09:19:23,990 - INFO - Formatting applied successfully to sheet: OperatorChanges.
2025-01-29 09:19:23,990 - INFO - Applying formatting to sheet: TripsComparison.
2025-01-29 09:19:23,999 - INFO - Formatting applied successfully to sheet: TripsComparison.
2025-01-29 09:19:23,999 - INFO - Applying formatting to sheet: HoursComparison.
2025-01-29 09:19:24,008 - INFO - Formatting applied successfully to sheet: HoursComparison.
2025-01-29 09:19:24,008 - INFO - Applying formatting to sheet: DeductionsComparison.
2025-01-29 09:19:24,014 - INFO - Formatting applied successfully to sheet: DeductionsComparison.
2025-01-29 09:19:24,059 - INFO - Calculating client totals for CCCTA.
2025-01-29 09:19:24,060 - INFO - Calculating client totals for CCCTA.
2025-01-29 09:19:24,062 - INFO - Comparing operators between previous and latest sheets.
2025-01-29 09:19:24,064 - INFO - Operator comparison completed.
2025-01-29 09:19:24,066 - INFO - Comparing trips and hours data between previous and latest sheets.
2025-01-29 09:19:24,071 - INFO - Trips and hours comparison completed.
2025-01-29 09:19:24,071 - INFO - Comparing Deductions between previous and latest sheets.
2025-01-29 09:19:24,075 - INFO - Deductions comparison completed.
2025-01-29 09:19:24,141 - INFO - Applying formatting to sheet: Summary.
2025-01-29 09:19:24,145 - INFO - Formatting applied successfully to sheet: Summary.
2025-01-29 09:19:24,146 - INFO - Applying formatting to sheet: OperatorChanges.
2025-01-29 09:19:24,148 - INFO - Formatting applied successfully to sheet: OperatorChanges.
2025-01-29 09:19:24,148 - INFO - Applying formatting to sheet: TripsComparison.
2025-01-29 09:19:24,154 - INFO - Formatting applied successfully to sheet: TripsComparison.
2025-01-29 09:19:24,154 - INFO - Applying formatting to sheet: HoursComparison.
2025-01-29 09:19:24,160 - INFO - Formatting applied successfully to sheet: HoursComparison.
2025-01-29 09:19:24,161 - INFO - Applying formatting to sheet: DeductionsComparison.
2025-01-29 09:19:24,166 - INFO - Formatting applied successfully to sheet: DeductionsComparison.
2025-01-29 09:19:24,218 - INFO - Calculating client totals for LAVTA.
2025-01-29 09:19:24,219 - INFO - Calculating client totals for LAVTA.
2025-01-29 09:19:24,220 - INFO - Comparing operators between previous and latest sheets.
2025-01-29 09:19:24,222 - INFO - Operator comparison completed.
2025-01-29 09:19:24,224 - INFO - Comparing trips and hours data between previous and latest sheets.
2025-01-29 09:19:24,232 - INFO - Trips and hours comparison completed.
2025-01-29 09:19:24,232 - INFO - Comparing Deductions between previous and latest sheets.
2025-01-29 09:19:24,236 - INFO - Deductions comparison completed.
2025-01-29 09:19:24,303 - INFO - Applying formatting to sheet: Summary.
2025-01-29 09:19:24,305 - INFO - Formatting applied successfully to sheet: Summary.
2025-01-29 09:19:24,306 - INFO - Applying formatting to sheet: OperatorChanges.
2025-01-29 09:19:24,308 - INFO - Formatting applied successfully to sheet: OperatorChanges.
2025-01-29 09:19:24,308 - INFO - Applying formatting to sheet: TripsComparison.
2025-01-29 09:19:24,313 - INFO - Formatting applied successfully to sheet: TripsComparison.
2025-01-29 09:19:24,313 - INFO - Applying formatting to sheet: HoursComparison.
2025-01-29 09:19:24,317 - INFO - Formatting applied successfully to sheet: HoursComparison.
2025-01-29 09:19:24,318 - INFO - Applying formatting to sheet: DeductionsComparison.
2025-01-29 09:19:24,320 - INFO - Formatting applied successfully to sheet: DeductionsComparison.
2025-01-29 09:19:24,371 - INFO - Main comparison process completed successfully. File saved to ComparedResults\Full_Comparison.xlsx.
2025-01-29 09:27:07,566 - INFO - Starting main comparison process.
2025-01-29 09:27:07,567 - INFO - Loading sheets from the provided Excel files.
2025-01-29 09:27:08,171 - INFO - Sheets loaded successfully.
2025-01-29 09:27:08,171 - INFO - Calculating totals for trips, hours, operators, and amounts.
2025-01-29 09:27:08,173 - INFO - Calculating totals for trips, hours, operators, and amounts.
2025-01-29 09:27:08,174 - INFO - Comparing operators between previous and latest sheets.
2025-01-29 09:27:08,177 - INFO - Operator comparison completed.
2025-01-29 09:27:08,179 - INFO - Comparing trips and hours data between previous and latest sheets.
2025-01-29 09:27:08,186 - INFO - Trips and hours comparison completed.
2025-01-29 09:27:08,187 - INFO - Comparing Deductions between previous and latest sheets.
2025-01-29 09:27:08,188 - ERROR - Error comparing deductions: 'DataFrameGroupBy' object has no attribute 'merge'
2025-01-29 09:27:08,189 - ERROR - Error in main comparison process: 'DataFrameGroupBy' object has no attribute 'merge'
2025-01-29 09:27:39,686 - INFO - Starting main comparison process.
2025-01-29 09:27:39,687 - INFO - Loading sheets from the provided Excel files.
2025-01-29 09:27:40,265 - INFO - Sheets loaded successfully.
2025-01-29 09:27:40,265 - INFO - Calculating totals for trips, hours, operators, and amounts.
2025-01-29 09:27:40,267 - INFO - Calculating totals for trips, hours, operators, and amounts.
2025-01-29 09:27:40,269 - INFO - Comparing operators between previous and latest sheets.
2025-01-29 09:27:40,273 - INFO - Operator comparison completed.
2025-01-29 09:27:40,276 - INFO - Comparing trips and hours data between previous and latest sheets.
2025-01-29 09:27:40,283 - INFO - Trips and hours comparison completed.
2025-01-29 09:27:40,283 - INFO - Comparing Deductions between previous and latest sheets.
2025-01-29 09:27:40,285 - ERROR - Error comparing deductions: 'DataFrameGroupBy' object has no attribute 'join'
2025-01-29 09:27:40,285 - ERROR - Error in main comparison process: 'DataFrameGroupBy' object has no attribute 'join'
2025-01-29 09:33:10,655 - INFO - Starting main comparison process.
2025-01-29 09:33:10,656 - INFO - Loading sheets from the provided Excel files.
2025-01-29 09:33:11,243 - INFO - Sheets loaded successfully.
2025-01-29 09:33:11,244 - INFO - Calculating totals for trips, hours, operators, and amounts.
2025-01-29 09:33:11,246 - INFO - Calculating totals for trips, hours, operators, and amounts.
2025-01-29 09:33:11,248 - INFO - Comparing operators between previous and latest sheets.
2025-01-29 09:33:11,251 - INFO - Operator comparison completed.
2025-01-29 09:33:11,253 - INFO - Comparing trips and hours data between previous and latest sheets.
2025-01-29 09:33:11,259 - INFO - Trips and hours comparison completed.
2025-01-29 09:33:11,260 - INFO - Comparing Deductions between previous and latest sheets.
2025-01-29 09:33:11,306 - INFO - Deductions comparison completed.
2025-01-29 09:33:11,381 - INFO - Applying formatting to sheet: Summary.
2025-01-29 09:33:11,384 - INFO - Formatting applied successfully to sheet: Summary.
2025-01-29 09:33:11,385 - INFO - Applying formatting to sheet: OperatorChanges.
2025-01-29 09:33:11,386 - INFO - Formatting applied successfully to sheet: OperatorChanges.
2025-01-29 09:33:11,386 - INFO - Applying formatting to sheet: TripsComparison.
2025-01-29 09:33:11,394 - INFO - Formatting applied successfully to sheet: TripsComparison.
2025-01-29 09:33:11,394 - INFO - Applying formatting to sheet: HoursComparison.
2025-01-29 09:33:11,402 - INFO - Formatting applied successfully to sheet: HoursComparison.
2025-01-29 09:33:11,403 - INFO - Applying formatting to sheet: DeductionsComparison.
2025-01-29 09:33:11,409 - INFO - Formatting applied successfully to sheet: DeductionsComparison.
2025-01-29 09:33:11,453 - INFO - Calculating client totals for CCCTA.
2025-01-29 09:33:11,454 - INFO - Calculating client totals for CCCTA.
2025-01-29 09:33:11,456 - INFO - Comparing operators between previous and latest sheets.
2025-01-29 09:33:11,458 - INFO - Operator comparison completed.
2025-01-29 09:33:11,459 - INFO - Comparing trips and hours data between previous and latest sheets.
2025-01-29 09:33:11,466 - INFO - Trips and hours comparison completed.
2025-01-29 09:33:11,466 - INFO - Comparing Deductions between previous and latest sheets.
2025-01-29 09:33:11,470 - INFO - Deductions comparison completed.
2025-01-29 09:33:11,523 - INFO - Applying formatting to sheet: Summary.
2025-01-29 09:33:11,526 - INFO - Formatting applied successfully to sheet: Summary.
2025-01-29 09:33:11,527 - INFO - Applying formatting to sheet: OperatorChanges.
2025-01-29 09:33:11,530 - INFO - Formatting applied successfully to sheet: OperatorChanges.
2025-01-29 09:33:11,530 - INFO - Applying formatting to sheet: TripsComparison.
2025-01-29 09:33:11,536 - INFO - Formatting applied successfully to sheet: TripsComparison.
2025-01-29 09:33:11,536 - INFO - Applying formatting to sheet: HoursComparison.
2025-01-29 09:33:11,542 - INFO - Formatting applied successfully to sheet: HoursComparison.
2025-01-29 09:33:11,542 - INFO - Applying formatting to sheet: DeductionsComparison.
2025-01-29 09:33:11,547 - INFO - Formatting applied successfully to sheet: DeductionsComparison.
2025-01-29 09:33:11,583 - INFO - Calculating client totals for LAVTA.
2025-01-29 09:33:11,584 - INFO - Calculating client totals for LAVTA.
2025-01-29 09:33:11,586 - INFO - Comparing operators between previous and latest sheets.
2025-01-29 09:33:11,588 - INFO - Operator comparison completed.
2025-01-29 09:33:11,589 - INFO - Comparing trips and hours data between previous and latest sheets.
2025-01-29 09:33:11,596 - INFO - Trips and hours comparison completed.
2025-01-29 09:33:11,596 - INFO - Comparing Deductions between previous and latest sheets.
2025-01-29 09:33:11,600 - INFO - Deductions comparison completed.
2025-01-29 09:33:11,667 - INFO - Applying formatting to sheet: Summary.
2025-01-29 09:33:11,670 - INFO - Formatting applied successfully to sheet: Summary.
2025-01-29 09:33:11,670 - INFO - Applying formatting to sheet: OperatorChanges.
2025-01-29 09:33:11,672 - INFO - Formatting applied successfully to sheet: OperatorChanges.
2025-01-29 09:33:11,673 - INFO - Applying formatting to sheet: TripsComparison.
2025-01-29 09:33:11,677 - INFO - Formatting applied successfully to sheet: TripsComparison.
2025-01-29 09:33:11,677 - INFO - Applying formatting to sheet: HoursComparison.
2025-01-29 09:33:11,682 - INFO - Formatting applied successfully to sheet: HoursComparison.
2025-01-29 09:33:11,682 - INFO - Applying formatting to sheet: DeductionsComparison.
2025-01-29 09:33:11,684 - INFO - Formatting applied successfully to sheet: DeductionsComparison.
2025-01-29 09:33:11,724 - INFO - Main comparison process completed successfully. File saved to ComparedResults\Full_Comparison.xlsx.
2025-01-29 09:33:39,128 - INFO - Starting main comparison process.
2025-01-29 09:33:39,129 - INFO - Loading sheets from the provided Excel files.
2025-01-29 09:33:39,728 - INFO - Sheets loaded successfully.
2025-01-29 09:33:39,728 - INFO - Calculating totals for trips, hours, operators, and amounts.
2025-01-29 09:33:39,729 - INFO - Calculating totals for trips, hours, operators, and amounts.
2025-01-29 09:33:39,731 - INFO - Comparing operators between previous and latest sheets.
2025-01-29 09:33:39,734 - INFO - Operator comparison completed.
2025-01-29 09:33:39,736 - INFO - Comparing trips and hours data between previous and latest sheets.
2025-01-29 09:33:39,744 - INFO - Trips and hours comparison completed.
2025-01-29 09:33:39,745 - INFO - Comparing Deductions between previous and latest sheets.
2025-01-29 09:33:39,750 - INFO - Deductions comparison completed.
2025-01-29 09:33:39,811 - INFO - Applying formatting to sheet: Summary.
2025-01-29 09:33:39,814 - INFO - Formatting applied successfully to sheet: Summary.
2025-01-29 09:33:39,814 - INFO - Applying formatting to sheet: OperatorChanges.
2025-01-29 09:33:39,816 - INFO - Formatting applied successfully to sheet: OperatorChanges.
2025-01-29 09:33:39,816 - INFO - Applying formatting to sheet: TripsComparison.
2025-01-29 09:33:39,826 - INFO - Formatting applied successfully to sheet: TripsComparison.
2025-01-29 09:33:39,826 - INFO - Applying formatting to sheet: HoursComparison.
2025-01-29 09:33:39,834 - INFO - Formatting applied successfully to sheet: HoursComparison.
2025-01-29 09:33:39,834 - INFO - Applying formatting to sheet: DeductionsComparison.
2025-01-29 09:33:39,841 - INFO - Formatting applied successfully to sheet: DeductionsComparison.
2025-01-29 09:33:39,878 - INFO - Calculating client totals for CCCTA.
2025-01-29 09:33:39,879 - INFO - Calculating client totals for CCCTA.
2025-01-29 09:33:39,880 - INFO - Comparing operators between previous and latest sheets.
2025-01-29 09:33:39,882 - INFO - Operator comparison completed.
2025-01-29 09:33:39,884 - INFO - Comparing trips and hours data between previous and latest sheets.
2025-01-29 09:33:39,892 - INFO - Trips and hours comparison completed.
2025-01-29 09:33:39,892 - INFO - Comparing Deductions between previous and latest sheets.
2025-01-29 09:33:39,896 - INFO - Deductions comparison completed.
2025-01-29 09:33:39,947 - INFO - Applying formatting to sheet: Summary.
2025-01-29 09:33:39,950 - INFO - Formatting applied successfully to sheet: Summary.
2025-01-29 09:33:39,951 - INFO - Applying formatting to sheet: OperatorChanges.
2025-01-29 09:33:39,953 - INFO - Formatting applied successfully to sheet: OperatorChanges.
2025-01-29 09:33:39,954 - INFO - Applying formatting to sheet: TripsComparison.
2025-01-29 09:33:39,960 - INFO - Formatting applied successfully to sheet: TripsComparison.
2025-01-29 09:33:39,961 - INFO - Applying formatting to sheet: HoursComparison.
2025-01-29 09:33:39,966 - INFO - Formatting applied successfully to sheet: HoursComparison.
2025-01-29 09:33:39,967 - INFO - Applying formatting to sheet: DeductionsComparison.
2025-01-29 09:33:39,971 - INFO - Formatting applied successfully to sheet: DeductionsComparison.
2025-01-29 09:33:40,046 - INFO - Calculating client totals for LAVTA.
2025-01-29 09:33:40,047 - INFO - Calculating client totals for LAVTA.
2025-01-29 09:33:40,048 - INFO - Comparing operators between previous and latest sheets.
2025-01-29 09:33:40,051 - INFO - Operator comparison completed.
2025-01-29 09:33:40,052 - INFO - Comparing trips and hours data between previous and latest sheets.
2025-01-29 09:33:40,059 - INFO - Trips and hours comparison completed.
2025-01-29 09:33:40,060 - INFO - Comparing Deductions between previous and latest sheets.
2025-01-29 09:33:40,063 - INFO - Deductions comparison completed.
2025-01-29 09:33:40,129 - INFO - Applying formatting to sheet: Summary.
2025-01-29 09:33:40,132 - INFO - Formatting applied successfully to sheet: Summary.
2025-01-29 09:33:40,133 - INFO - Applying formatting to sheet: OperatorChanges.
2025-01-29 09:33:40,136 - INFO - Formatting applied successfully to sheet: OperatorChanges.
2025-01-29 09:33:40,136 - INFO - Applying formatting to sheet: TripsComparison.
2025-01-29 09:33:40,140 - INFO - Formatting applied successfully to sheet: TripsComparison.
2025-01-29 09:33:40,141 - INFO - Applying formatting to sheet: HoursComparison.
2025-01-29 09:33:40,145 - INFO - Formatting applied successfully to sheet: HoursComparison.
2025-01-29 09:33:40,145 - INFO - Applying formatting to sheet: DeductionsComparison.
2025-01-29 09:33:40,148 - INFO - Formatting applied successfully to sheet: DeductionsComparison.
2025-01-29 09:33:40,178 - INFO - Main comparison process completed successfully. File saved to ComparedResults\Full_Comparison.xlsx.
2025-01-29 10:15:33,371 - INFO - Starting main comparison process.
2025-01-29 10:15:33,372 - INFO - Loading sheets from the provided Excel files.
2025-01-29 10:15:33,959 - INFO - Sheets loaded successfully.
2025-01-29 10:15:33,959 - INFO - Calculating totals for trips, hours, operators, and amounts.
2025-01-29 10:15:33,960 - INFO - Calculating totals for trips, hours, operators, and amounts.
2025-01-29 10:15:33,962 - INFO - Comparing operators between previous and latest sheets.
2025-01-29 10:15:33,966 - INFO - Operator comparison completed.
2025-01-29 10:15:33,967 - INFO - Comparing trips and hours data between previous and latest sheets.
2025-01-29 10:15:33,976 - INFO - Trips and hours comparison completed.
2025-01-29 10:15:33,976 - INFO - Comparing Deductions between previous and latest sheets.
2025-01-29 10:15:33,980 - INFO - Deductions comparison completed.
2025-01-29 10:15:34,043 - INFO - Applying formatting to sheet: Summary.
2025-01-29 10:15:34,047 - INFO - Formatting applied successfully to sheet: Summary.
2025-01-29 10:15:34,047 - INFO - Applying formatting to sheet: OperatorChanges.
2025-01-29 10:15:34,049 - INFO - Formatting applied successfully to sheet: OperatorChanges.
2025-01-29 10:15:34,049 - INFO - Applying formatting to sheet: TripsComparison.
2025-01-29 10:15:34,057 - INFO - Formatting applied successfully to sheet: TripsComparison.
2025-01-29 10:15:34,058 - INFO - Applying formatting to sheet: HoursComparison.
2025-01-29 10:15:34,066 - INFO - Formatting applied successfully to sheet: HoursComparison.
2025-01-29 10:15:34,066 - INFO - Applying formatting to sheet: LeaseComparison.
2025-01-29 10:15:34,073 - INFO - Formatting applied successfully to sheet: LeaseComparison.
2025-01-29 10:15:34,127 - INFO - Calculating client totals for CCCTA.
2025-01-29 10:15:34,128 - INFO - Calculating client totals for CCCTA.
2025-01-29 10:15:34,129 - INFO - Comparing operators between previous and latest sheets.
2025-01-29 10:15:34,131 - INFO - Operator comparison completed.
2025-01-29 10:15:34,133 - INFO - Comparing trips and hours data between previous and latest sheets.
2025-01-29 10:15:34,139 - INFO - Trips and hours comparison completed.
2025-01-29 10:15:34,139 - INFO - Comparing Deductions between previous and latest sheets.
2025-01-29 10:15:34,143 - INFO - Deductions comparison completed.
2025-01-29 10:15:34,203 - INFO - Applying formatting to sheet: Summary.
2025-01-29 10:15:34,206 - INFO - Formatting applied successfully to sheet: Summary.
2025-01-29 10:15:34,206 - INFO - Applying formatting to sheet: OperatorChanges.
2025-01-29 10:15:34,208 - INFO - Formatting applied successfully to sheet: OperatorChanges.
2025-01-29 10:15:34,208 - INFO - Applying formatting to sheet: TripsComparison.
2025-01-29 10:15:34,215 - INFO - Formatting applied successfully to sheet: TripsComparison.
2025-01-29 10:15:34,215 - INFO - Applying formatting to sheet: HoursComparison.
2025-01-29 10:15:34,223 - INFO - Formatting applied successfully to sheet: HoursComparison.
2025-01-29 10:15:34,223 - INFO - Applying formatting to sheet: LeaseComparison.
2025-01-29 10:15:34,227 - INFO - Formatting applied successfully to sheet: LeaseComparison.
2025-01-29 10:15:34,269 - INFO - Calculating client totals for LAVTA.
2025-01-29 10:15:34,270 - INFO - Calculating client totals for LAVTA.
2025-01-29 10:15:34,272 - INFO - Comparing operators between previous and latest sheets.
2025-01-29 10:15:34,274 - INFO - Operator comparison completed.
2025-01-29 10:15:34,276 - INFO - Comparing trips and hours data between previous and latest sheets.
2025-01-29 10:15:34,281 - INFO - Trips and hours comparison completed.
2025-01-29 10:15:34,282 - INFO - Comparing Deductions between previous and latest sheets.
2025-01-29 10:15:34,286 - INFO - Deductions comparison completed.
2025-01-29 10:15:34,351 - INFO - Applying formatting to sheet: Summary.
2025-01-29 10:15:34,355 - INFO - Formatting applied successfully to sheet: Summary.
2025-01-29 10:15:34,355 - INFO - Applying formatting to sheet: OperatorChanges.
2025-01-29 10:15:34,357 - INFO - Formatting applied successfully to sheet: OperatorChanges.
2025-01-29 10:15:34,358 - INFO - Applying formatting to sheet: TripsComparison.
2025-01-29 10:15:34,361 - INFO - Formatting applied successfully to sheet: TripsComparison.
2025-01-29 10:15:34,362 - INFO - Applying formatting to sheet: HoursComparison.
2025-01-29 10:15:34,366 - INFO - Formatting applied successfully to sheet: HoursComparison.
2025-01-29 10:15:34,366 - INFO - Applying formatting to sheet: LeaseComparison.
2025-01-29 10:15:34,369 - INFO - Formatting applied successfully to sheet: LeaseComparison.
2025-01-29 10:15:34,410 - INFO - Main comparison process completed successfully. File saved to ComparedResults\Full_Comparison.xlsx.
