2025-01-26 23:15:40,111 - INFO - Starting main comparison process.
2025-01-26 23:15:40,111 - INFO - Loading sheets from the provided Excel files.
2025-01-26 23:15:40,601 - INFO - Sheets loaded successfully.
2025-01-26 23:15:40,601 - INFO - Calculating totals for trips, hours, operators, and amounts.
2025-01-26 23:15:40,602 - INFO - Calculating totals for trips, hours, operators, and amounts.
2025-01-26 23:15:40,604 - INFO - Comparing operators between previous and latest sheets.
2025-01-26 23:15:40,607 - INFO - Operator comparison completed.
2025-01-26 23:15:40,609 - INFO - Comparing trips and hours data between previous and latest sheets.
2025-01-26 23:15:40,656 - INFO - Trips and hours comparison completed.
2025-01-26 23:15:40,752 - INFO - Applying formatting to sheet: Summary.
2025-01-26 23:15:40,755 - INFO - Formatting applied successfully to sheet: Summary.
2025-01-26 23:15:40,755 - INFO - Applying formatting to sheet: OperatorChanges.
2025-01-26 23:15:40,757 - INFO - Formatting applied successfully to sheet: OperatorChanges.
2025-01-26 23:15:40,757 - INFO - Applying formatting to sheet: TripsComparison.
2025-01-26 23:15:40,764 - INFO - Formatting applied successfully to sheet: TripsComparison.
2025-01-26 23:15:40,764 - INFO - Applying formatting to sheet: HoursComparison.
2025-01-26 23:15:40,772 - INFO - Formatting applied successfully to sheet: HoursComparison.
2025-01-26 23:15:40,835 - INFO - Calculating client totals for CCCTA.
2025-01-26 23:15:40,836 - INFO - Calculating client totals for CCCTA.
2025-01-26 23:15:40,837 - INFO - Comparing operators between previous and latest sheets.
2025-01-26 23:15:40,840 - INFO - Operator comparison completed.
2025-01-26 23:15:40,842 - INFO - Comparing trips and hours data between previous and latest sheets.
2025-01-26 23:15:40,848 - INFO - Trips and hours comparison completed.
2025-01-26 23:15:40,935 - INFO - Applying formatting to sheet: Summary.
2025-01-26 23:15:40,938 - INFO - Formatting applied successfully to sheet: Summary.
2025-01-26 23:15:40,938 - INFO - Applying formatting to sheet: OperatorChanges.
2025-01-26 23:15:40,940 - INFO - Formatting applied successfully to sheet: OperatorChanges.
2025-01-26 23:15:40,940 - INFO - Applying formatting to sheet: TripsComparison.
2025-01-26 23:15:40,946 - INFO - Formatting applied successfully to sheet: TripsComparison.
2025-01-26 23:15:40,946 - INFO - Applying formatting to sheet: HoursComparison.
2025-01-26 23:15:40,953 - INFO - Formatting applied successfully to sheet: HoursComparison.
2025-01-26 23:15:41,017 - INFO - Calculating client totals for LAVTA.
2025-01-26 23:15:41,019 - INFO - Calculating client totals for LAVTA.
2025-01-26 23:15:41,020 - INFO - Comparing operators between previous and latest sheets.
2025-01-26 23:15:41,023 - INFO - Operator comparison completed.
2025-01-26 23:15:41,025 - INFO - Comparing trips and hours data between previous and latest sheets.
2025-01-26 23:15:41,032 - INFO - Trips and hours comparison completed.
2025-01-26 23:15:41,119 - INFO - Applying formatting to sheet: Summary.
2025-01-26 23:15:41,122 - INFO - Formatting applied successfully to sheet: Summary.
2025-01-26 23:15:41,122 - INFO - Applying formatting to sheet: OperatorChanges.
2025-01-26 23:15:41,124 - INFO - Formatting applied successfully to sheet: OperatorChanges.
2025-01-26 23:15:41,125 - INFO - Applying formatting to sheet: TripsComparison.
2025-01-26 23:15:41,129 - INFO - Formatting applied successfully to sheet: TripsComparison.
2025-01-26 23:15:41,129 - INFO - Applying formatting to sheet: HoursComparison.
2025-01-26 23:15:41,133 - INFO - Formatting applied successfully to sheet: HoursComparison.
2025-01-26 23:15:41,195 - INFO - Main comparison process completed successfully. File saved to ComparedResults\Full_Comparison.xlsx.
